Log file open, 11/28/21 18:53:55
LogWindows: Failed to load 'aqProf.dll' (GetLastError=126)
LogWindows: File 'aqProf.dll' does not exist
LogWindows: Failed to load 'VSPerf140.dll' (GetLastError=126)
LogWindows: File 'VSPerf140.dll' does not exist
LogWindows: Failed to load 'VtuneApi.dll' (GetLastError=126)
LogWindows: File 'VtuneApi.dll' does not exist
LogWindows: Failed to load 'VtuneApi32e.dll' (GetLastError=126)
LogWindows: File 'VtuneApi32e.dll' does not exist
LogInit: Display: Running engine for game: MyFirstProject
LogPlatformFile: Not using cached read wrapper
LogTaskGraph: Started task graph with 5 named threads and 47 total threads with 3 sets of task threads.
LogStats: Stats thread started at 0.756989
LogD3D11RHI: Loaded GFSDK_Aftermath_Lib.x64.dll
LogICUInternationalization: Display: ICU TimeZone Detection - Raw Offset: +0:00, Platform Override: ''
LogPluginManager: Mounting plugin Paper2D
LogPluginManager: Mounting plugin AISupport
LogPluginManager: Mounting plugin LightPropagationVolume
LogPluginManager: Mounting plugin CLionSourceCodeAccess
LogPluginManager: Mounting plugin CodeLiteSourceCodeAccess
LogPluginManager: Mounting plugin GitSourceControl
LogPluginManager: Mounting plugin KDevelopSourceCodeAccess
LogPluginManager: Mounting plugin NullSourceCodeAccess
LogPluginManager: Mounting plugin PerforceSourceControl
LogPluginManager: Mounting plugin SubversionSourceControl
LogPluginManager: Mounting plugin UObjectPlugin
LogPluginManager: Mounting plugin VisualStudioCodeSourceCodeAccess
LogPluginManager: Mounting plugin VisualStudioSourceCodeAccess
LogPluginManager: Mounting plugin XCodeSourceCodeAccess
LogPluginManager: Mounting plugin AssetManagerEditor
LogPluginManager: Mounting plugin CryptoKeys
LogPluginManager: Mounting plugin DataValidation
LogPluginManager: Mounting plugin FacialAnimation
LogPluginManager: Mounting plugin GameplayTagsEditor
LogPluginManager: Mounting plugin MacGraphicsSwitching
LogPluginManager: Mounting plugin MeshEditor
LogPluginManager: Mounting plugin MobileLauncherProfileWizard
LogPluginManager: Mounting plugin PluginBrowser
LogPluginManager: Mounting plugin SpeedTreeImporter
LogPluginManager: Mounting plugin DatasmithContent
LogPluginManager: Mounting plugin AlembicImporter
LogPluginManager: Mounting plugin AppleImageUtils
LogPluginManager: Mounting plugin AppleVision
LogPluginManager: Mounting plugin BackChannel
LogPluginManager: Mounting plugin CharacterAI
LogPluginManager: Mounting plugin GeometryCache
LogPluginManager: Mounting plugin HTML5Networking
LogPluginManager: Mounting plugin ProxyLODPlugin
LogPluginManager: Mounting plugin MagicLeap
LogPluginManager: Mounting plugin MagicLeapEmulator
LogPluginManager: Mounting plugin MagicLeapMedia
LogPluginManager: Mounting plugin AndroidMedia
LogPluginManager: Mounting plugin AvfMedia
LogPluginManager: Mounting plugin ImgMedia
LogPluginManager: Mounting plugin LinearTimecode
LogPluginManager: Mounting plugin MediaCompositing
LogPluginManager: Mounting plugin MediaPlayerEditor
LogPluginManager: Mounting plugin WmfMedia
LogPluginManager: Mounting plugin TcpMessaging
LogPluginManager: Mounting plugin UdpMessaging
LogPluginManager: Mounting plugin ActorSequence
LogPluginManager: Mounting plugin LevelSequenceEditor
LogPluginManager: Mounting plugin MatineeToLevelSequence
LogPluginManager: Mounting plugin NetcodeUnitTest
LogPluginManager: Mounting plugin NUTUnrealEngine4
LogPluginManager: Mounting plugin OnlineSubsystemGooglePlay
LogPluginManager: Mounting plugin OnlineSubsystemIOS
LogPluginManager: Mounting plugin OnlineSubsystem
LogPluginManager: Mounting plugin OnlineSubsystemNull
LogPluginManager: Mounting plugin OnlineSubsystemUtils
LogPluginManager: Mounting plugin LauncherChunkInstaller
LogPluginManager: Mounting plugin AndroidDeviceProfileSelector
LogPluginManager: Mounting plugin AndroidMoviePlayer
LogPluginManager: Mounting plugin AndroidPermission
LogPluginManager: Mounting plugin AppleMoviePlayer
LogPluginManager: Mounting plugin ArchVisCharacter
LogPluginManager: Mounting plugin AudioCapture
LogPluginManager: Mounting plugin CableComponent
LogPluginManager: Mounting plugin CustomMeshComponent
LogPluginManager: Mounting plugin EditableMesh
LogPluginManager: Mounting plugin ExampleDeviceProfileSelector
LogPluginManager: Mounting plugin GoogleCloudMessaging
LogPluginManager: Mounting plugin ImmediatePhysics
LogPluginManager: Mounting plugin IOSDeviceProfileSelector
LogPluginManager: Mounting plugin LinuxDeviceProfileSelector
LogPluginManager: Mounting plugin LocationServicesBPLibrary
LogPluginManager: Mounting plugin MobilePatchingUtils
LogPluginManager: Mounting plugin OculusVR
LogPluginManager: Plugin shader directory ../../../Engine/Plugins/Runtime/Oculus/OculusVR/Shaders found
LogPluginManager: Mapping shader source directory ../../../Engine/Plugins/Runtime/Oculus/OculusVR/Shaders to virtual directory /Plugin/OculusVR
LogPluginManager: Mounting plugin PhysXVehicles
LogPluginManager: Mounting plugin ProceduralMeshComponent
LogPluginManager: Mounting plugin RuntimePhysXCooking
LogPluginManager: Mounting plugin SteamVR
LogPluginManager: Mounting plugin WindowsMoviePlayer
LogStreaming: Display: Took  0.498s to configure plugins.
LogInit: Using libcurl 7.55.1-DEV
LogInit:  - built for x86_64-pc-win32
LogInit:  - supports SSL with OpenSSL/1.0.2h
LogInit:  - supports HTTP deflate (compression) using libz 1.2.8
LogInit:  - other features:
LogInit:      CURL_VERSION_SSL
LogInit:      CURL_VERSION_LIBZ
LogInit:      CURL_VERSION_IPV6
LogInit:      CURL_VERSION_ASYNCHDNS
LogInit:      CURL_VERSION_LARGEFILE
LogInit:      CURL_VERSION_IDN
LogInit:  CurlRequestOptions (configurable via config and command line):
LogInit:  - bVerifyPeer = false  - Libcurl will NOT verify peer certificate
LogInit:  - bUseHttpProxy = false  - Libcurl will NOT use HTTP proxy
LogInit:  - bDontReuseConnections = false  - Libcurl will reuse connections
LogInit:  - CertBundlePath = nullptr  - Libcurl will use whatever was configured at build time.
LogInit:  - MaxHostConnections = 16  - Libcurl will limit the number of connections to a host
LogInit:  - LocalHostAddr = Default
LogInit:  - BufferSize = 65536
LogInit: WinSock: version 1.1 (2.2), MaxSocks=32767, MaxUdp=65467
LogInit: Build: ++UE4+Release-4.20-CL-4369336
LogInit: Engine Version: 4.20.3-4369336+++UE4+Release-4.20
LogInit: Compatible Engine Version: 4.20.0-4212847+++UE4+Release-4.20
LogInit: Net CL: 4212847
LogInit: OS: Windows 10 (), CPU: AMD Ryzen 7 2700X Eight-Core Processor         , GPU: NVIDIA GeForce GTX 1070
LogInit: Compiled (64-bit): Sep 17 2018 12:26:19
LogInit: Compiled with Visual C++: 19.13.26129.00
LogInit: Build Configuration: Development
LogInit: Branch Name: ++UE4+Release-4.20
LogInit: Command Line: -EpicPortal  -epicusername="Jorah_M" -epicuserid=098833140f774774a03e12bce1302b8d -epiclocale=en -epicsandboxid=ue
LogInit: Base Directory: C:/Program Files/Epic Games/UE_4.20/Engine/Binaries/Win64/
LogInit: Installed Engine Build: 1
LogDevObjectVersion: Number of dev versions registered: 20
LogDevObjectVersion:   Dev-Blueprints (B0D832E4-1F89-4F0D-ACCF-7EB736FD4AA2): 10
LogDevObjectVersion:   Dev-Build (E1C64328-A22C-4D53-A36C-8E866417BD8C): 0
LogDevObjectVersion:   Dev-Core (375EC13C-06E4-48FB-B500-84F0262A717E): 2
LogDevObjectVersion:   Dev-Editor (E4B068ED-F494-42E9-A231-DA0B2E46BB41): 24
LogDevObjectVersion:   Dev-Framework (CFFC743F-43B0-4480-9391-14DF171D2073): 34
LogDevObjectVersion:   Dev-Mobile (B02B49B5-BB20-44E9-A304-32B752E40360): 2
LogDevObjectVersion:   Dev-Networking (A4E4105C-59A1-49B5-A7C5-40C4547EDFEE): 0
LogDevObjectVersion:   Dev-Online (39C831C9-5AE6-47DC-9A44-9C173E1C8E7C): 0
LogDevObjectVersion:   Dev-Physics (78F01B33-EBEA-4F98-B9B4-84EACCB95AA2): 0
LogDevObjectVersion:   Dev-Platform (6631380F-2D4D-43E0-8009-CF276956A95A): 0
LogDevObjectVersion:   Dev-Rendering (12F88B9F-8875-4AFC-A67C-D90C383ABD29): 26
LogDevObjectVersion:   Dev-Sequencer (7B5AE74C-D270-4C10-A958-57980B212A5A): 9
LogDevObjectVersion:   Dev-VR (D7296918-1DD6-4BDD-9DE2-64A83CC13884): 2
LogDevObjectVersion:   Dev-LoadTimes (C2A15278-BFE7-4AFE-6C17-90FF531DF755): 1
LogDevObjectVersion:   Private-Geometry (6EACA3D4-40EC-4CC1-B786-8BED09428FC5): 3
LogDevObjectVersion:   Dev-AnimPhys (29E575DD-E0A3-4627-9D10-D276232CDCEA): 17
LogDevObjectVersion:   Dev-ReflectionCapture (6B266CEC-1EC7-4B8F-A30B-E4D90942FC07): 1
LogDevObjectVersion:   Dev-Automation (0DF73D61-A23F-47EA-B727-89E90C41499A): 1
LogDevObjectVersion:   FortniteMain (601D1886-AC64-4F84-AA16-D3DE0DEAC7D6): 12
LogDevObjectVersion:   Dev-Enterprise (9DFFBCD6-494F-0158-E221-12823C92A888): 1
LogStreaming: Display: Took  0.000s to delete old logs.
LogInit: Presizing for max 8388607 objects, including 0 objects not considered by GC, pre-allocating 0 bytes for permanent pool.
LogInit: Object subsystem initialized
[2021.11.28-18.53.56:268][  0]LogInit: Selected Device Profile: [Windows]
[2021.11.28-18.53.56:268][  0]LogInit: Applying CVar settings loaded from the selected device profile: [Windows]
[2021.11.28-18.53.56:417][  0]LogHAL: Display: Platform has ~ 16 GB [17125679104 / 17179869184 / 16], which maps to Larger [LargestMinGB=32, LargerMinGB=12, DefaultMinGB=8, SmallerMinGB=6, SmallestMinGB=0)
[2021.11.28-18.53.56:417][  0]LogInit: Setting Device Profile CVar: [[r.Vulkan.UseRealUBs:1]]
[2021.11.28-18.53.56:417][  0]LogInit: Going up to parent DeviceProfile []
[2021.11.28-18.53.56:417][  0]LogInit: Computer: DESKTOP-DKTLJKP
[2021.11.28-18.53.56:417][  0]LogInit: User: Evan
[2021.11.28-18.53.56:417][  0]LogInit: CPU Page size=4096, Cores=8
[2021.11.28-18.53.56:417][  0]LogInit: High frequency timer resolution =10.000000 MHz
[2021.11.28-18.53.56:417][  0]LogMemory: Memory total: Physical=15.9GB (16GB approx)
[2021.11.28-18.53.56:417][  0]LogMemory: Platform Memory Stats for Windows
[2021.11.28-18.53.56:417][  0]LogMemory: Process Physical Memory: 103.32 MB used, 103.33 MB peak
[2021.11.28-18.53.56:417][  0]LogMemory: Process Virtual Memory: 91.41 MB used, 91.41 MB peak
[2021.11.28-18.53.56:417][  0]LogMemory: Physical Memory: 5704.61 MB used,  10627.71 MB free, 16332.32 MB total
[2021.11.28-18.53.56:417][  0]LogMemory: Virtual Memory: 4662.18 MB used,  10627.71 MB free, 134217728.00 MB total
[2021.11.28-18.53.56:454][  0]LogInit: Using OS detected language (en-GB).
[2021.11.28-18.53.56:454][  0]LogInit: Using OS detected locale (en-IE).
[2021.11.28-18.53.56:455][  0]LogTextLocalizationManager: No specific localization for 'en-GB' exists, so the 'en' localization will be used.
[2021.11.28-18.53.56:770][  0]LogStreaming: Display: Took  0.317s to InitEngineTextLocalization.
[2021.11.28-18.53.56:771][  0]LogInit: Setting process to per monitor DPI aware
[2021.11.28-18.53.56:798][  0]LogSlate: New Slate User Created.  User Index 0, Is Virtual User: 0
[2021.11.28-18.53.56:798][  0]LogSlate: Slate User Registered.  User Index 0, Is Virtual User: 0
[2021.11.28-18.53.57:041][  0]LogHMD: Failed to initialize OpenVR with code 110
[2021.11.28-18.53.57:041][  0]LogD3D11RHI: D3D11 adapters:
[2021.11.28-18.53.57:142][  0]LogD3D11RHI:    0. 'NVIDIA GeForce GTX 1070' (Feature Level 11_0)
[2021.11.28-18.53.57:142][  0]LogD3D11RHI:       8088/0/8166 MB DedicatedVideo/DedicatedSystem/SharedSystem, Outputs:2, VendorId:0x10de
[2021.11.28-18.53.57:145][  0]LogD3D11RHI:    1. 'Microsoft Basic Render Driver' (Feature Level 11_0)
[2021.11.28-18.53.57:145][  0]LogD3D11RHI:       0/0/8166 MB DedicatedVideo/DedicatedSystem/SharedSystem, Outputs:0, VendorId:0x1414
[2021.11.28-18.53.57:145][  0]LogD3D11RHI: Chosen D3D11 Adapter: 0
[2021.11.28-18.53.57:150][  0]LogD3D11RHI: Creating new Direct3DDevice
[2021.11.28-18.53.57:150][  0]LogD3D11RHI:     GPU DeviceId: 0x1b81 (for the marketing name, search the web for "GPU Device Id")
[2021.11.28-18.53.57:150][  0]LogWindows: EnumDisplayDevices:
[2021.11.28-18.53.57:150][  0]LogWindows:    0. 'NVIDIA GeForce GTX 1070' (P:1 D:1)
[2021.11.28-18.53.57:151][  0]LogWindows:    1. 'NVIDIA GeForce GTX 1070' (P:0 D:1)
[2021.11.28-18.53.57:151][  0]LogWindows:    2. 'NVIDIA GeForce GTX 1070' (P:0 D:0)
[2021.11.28-18.53.57:151][  0]LogWindows:    3. 'NVIDIA GeForce GTX 1070' (P:0 D:0)
[2021.11.28-18.53.57:151][  0]LogWindows: DebugString: FoundDriverCount:4 
[2021.11.28-18.53.57:151][  0]LogD3D11RHI:     Adapter Name: NVIDIA GeForce GTX 1070
[2021.11.28-18.53.57:151][  0]LogD3D11RHI:   Driver Version: 496.76 (internal:30.0.14.9676, unified:496.76)
[2021.11.28-18.53.57:151][  0]LogD3D11RHI:      Driver Date: 11-9-2021
[2021.11.28-18.53.57:151][  0]LogRHI: Texture pool is 5661 MB (70% of 8088 MB)
[2021.11.28-18.53.57:209][  0]LogD3D11RHI: Async texture creation enabled
[2021.11.28-18.53.57:225][  0]LogD3D11RHI: GPU Timing Frequency: 1000.000000 (Debug: 2 1)
[2021.11.28-18.53.57:229][  0]LogShaderCompilers: Guid format shader working directory is 20 characters bigger than the processId version (D:/Unreal/MyFirstProject/Intermediate/Shaders/WorkingDirectory/14040/).
[2021.11.28-18.53.57:230][  0]LogShaderCompilers: Cleaned the shader compiler working directory 'C:/Users/Evan/AppData/Local/Temp/UnrealShaderWorkingDir/287939FB41E77281F11B3DA34393F6EC/'.
[2021.11.28-18.53.57:469][  0]LogTemp: Display: Loaded TP AllDesktopTargetPlatform
[2021.11.28-18.53.57:483][  0]LogTemp: Display: Loaded TP MacClientTargetPlatform
[2021.11.28-18.53.57:497][  0]LogTemp: Display: Loaded TP MacNoEditorTargetPlatform
[2021.11.28-18.53.57:510][  0]LogTemp: Display: Loaded TP MacServerTargetPlatform
[2021.11.28-18.53.57:525][  0]LogTemp: Display: Loaded TP MacTargetPlatform
[2021.11.28-18.53.57:539][  0]LogTemp: Display: Loaded TP WindowsClientTargetPlatform
[2021.11.28-18.53.57:553][  0]LogTemp: Display: Loaded TP WindowsNoEditorTargetPlatform
[2021.11.28-18.53.57:566][  0]LogTemp: Display: Loaded TP WindowsServerTargetPlatform
[2021.11.28-18.53.57:573][  0]LogTemp: Display: Loaded TP WindowsTargetPlatform
[2021.11.28-18.53.57:647][  0]LogTemp: Display: Loaded TP AndroidTargetPlatform
[2021.11.28-18.53.57:647][  0]LogTemp: Display: Loaded TP AndroidTargetPlatform
[2021.11.28-18.53.57:647][  0]LogTemp: Display: Loaded TP AndroidTargetPlatform
[2021.11.28-18.53.57:647][  0]LogTemp: Display: Loaded TP AndroidTargetPlatform
[2021.11.28-18.53.57:647][  0]LogTemp: Display: Loaded TP AndroidTargetPlatform
[2021.11.28-18.53.57:647][  0]LogTemp: Display: Loaded TP AndroidTargetPlatform
[2021.11.28-18.53.57:647][  0]LogTemp: Display: Loaded TP AndroidTargetPlatform
[2021.11.28-18.53.57:647][  0]LogTemp: Display: Loaded TP AndroidTargetPlatform
[2021.11.28-18.53.57:647][  0]LogTemp: Display: Loaded TP AndroidTargetPlatform
[2021.11.28-18.53.57:647][  0]LogTemp: Display: Loaded TP AndroidTargetPlatform
[2021.11.28-18.53.57:647][  0]LogTemp: Display: Loaded TP AndroidTargetPlatform
[2021.11.28-18.53.57:647][  0]LogTemp: Display: Loaded TP AndroidTargetPlatform
[2021.11.28-18.53.57:647][  0]LogTemp: Display: Loaded TP AndroidTargetPlatform
[2021.11.28-18.53.57:647][  0]LogTemp: Display: Loaded TP AndroidTargetPlatform
[2021.11.28-18.53.57:647][  0]LogTemp: Display: Loaded TP AndroidTargetPlatform
[2021.11.28-18.53.57:647][  0]LogTemp: Display: Loaded TP AndroidTargetPlatform
[2021.11.28-18.53.57:647][  0]LogTemp: Display: Loaded TP AndroidTargetPlatform
[2021.11.28-18.53.57:647][  0]LogTemp: Display: Loaded TP AndroidTargetPlatform
[2021.11.28-18.53.57:649][  0]LogTemp: Display: Loaded TP HTML5TargetPlatform
[2021.11.28-18.53.57:708][  0]LogTemp: Display: Loaded TP IOSTargetPlatform
[2021.11.28-18.53.57:708][  0]LogTemp: Display: Loaded TP IOSTargetPlatform
[2021.11.28-18.53.57:730][  0]LogTemp: Display: Loaded TP TVOSTargetPlatform
[2021.11.28-18.53.57:730][  0]LogTemp: Display: Loaded TP TVOSTargetPlatform
[2021.11.28-18.53.57:743][  0]LogTemp: Display: Loaded TP LinuxClientTargetPlatform
[2021.11.28-18.53.57:755][  0]LogTemp: Display: Loaded TP LinuxNoEditorTargetPlatform
[2021.11.28-18.53.57:767][  0]LogTemp: Display: Loaded TP LinuxServerTargetPlatform
[2021.11.28-18.53.57:780][  0]LogTemp: Display: Loaded TP LinuxTargetPlatform
[2021.11.28-18.53.57:789][  0]LogTemp: Display: Loaded TP LuminTargetPlatform
[2021.11.28-18.53.57:789][  0]LogTargetPlatformManager: Display: Building Assets For Windows
[2021.11.28-18.53.57:850][  0]LogXGEController: Cannot use XGE Controller as Incredibuild is not installed on this machine.
[2021.11.28-18.53.57:850][  0]LogShaderCompilers: Cannot use XGE Shader Compiler as Incredibuild is not installed on this machine.
[2021.11.28-18.53.57:850][  0]LogShaderCompilers: Display: Using Local Shader Compiler.
[2021.11.28-18.53.58:713][  0]LogDerivedDataCache: Display: Max Cache Size: 512 MB
[2021.11.28-18.53.58:764][  0]LogDerivedDataCache: Loaded boot cache 0.05s 71MB C:/Users/Evan/AppData/Local/UnrealEngine/4.20/DerivedDataCache/Boot.ddc.
[2021.11.28-18.53.58:764][  0]LogDerivedDataCache: Display: Loaded Boot cache: C:/Users/Evan/AppData/Local/UnrealEngine/4.20/DerivedDataCache/Boot.ddc
[2021.11.28-18.53.58:764][  0]LogDerivedDataCache: FDerivedDataBackendGraph:  Pak pak cache file D:/Unreal/MyFirstProject/DerivedDataCache/DDC.ddp not found, will not use a pak cache.
[2021.11.28-18.53.58:764][  0]LogDerivedDataCache: Unable to find inner node Pak for hierarchical cache Hierarchy.
[2021.11.28-18.53.58:764][  0]LogDerivedDataCache: FDerivedDataBackendGraph:  CompressedPak pak cache file D:/Unreal/MyFirstProject/DerivedDataCache/Compressed.ddp not found, will not use a pak cache.
[2021.11.28-18.53.58:764][  0]LogDerivedDataCache: Unable to find inner node CompressedPak for hierarchical cache Hierarchy.
[2021.11.28-18.53.58:780][  0]LogDerivedDataCache: Display: Pak cache opened for reading ../../../Engine/DerivedDataCache/Compressed.ddp.
[2021.11.28-18.53.58:793][  0]LogDerivedDataCache: Using Local data cache path C:/Users/Evan/AppData/Local/UnrealEngine/Common/DerivedDataCache: Writable
[2021.11.28-18.53.58:793][  0]LogDerivedDataCache: Shared data cache path not found in *engine.ini, will not use an Shared cache.
[2021.11.28-18.53.58:793][  0]LogDerivedDataCache: Unable to find inner node Shared for hierarchical cache Hierarchy.
[2021.11.28-18.53.58:809][  0]LogMaterial: Verifying Global Shaders for PCD3D_SM5
[2021.11.28-18.53.58:810][  0]LogSlate: Using FreeType 2.6.0
[2021.11.28-18.53.58:811][  0]LogSlate: SlateFontServices - WITH_FREETYPE: 1, WITH_HARFBUZZ: 1
[2021.11.28-18.53.58:888][  0]LogAssetRegistry: FAssetRegistry took 0.0274 seconds to start up
[2021.11.28-18.53.59:217][  0]LogInit: Selected Device Profile: [Windows]
[2021.11.28-18.53.59:338][  0]LogSimplygon: Simplygon DLL not present - disabling.
[2021.11.28-18.53.59:342][  0]LogMeshReduction: Using SimplygonSwarm for distributed automatic mesh merging
[2021.11.28-18.53.59:342][  0]LogMeshReduction: Using ProxyLODMeshReduction for automatic mesh merging
[2021.11.28-18.53.59:342][  0]LogMeshReduction: Using QuadricMeshReduction for automatic static mesh reduction
[2021.11.28-18.53.59:342][  0]LogMeshReduction: No automatic skeletal mesh reduction module available
[2021.11.28-18.53.59:358][  0]LogNetVersion: MyFirstProject 1.0.0, NetCL: 4212847, EngineNetVer: 5, GameNetVer: 0 (Checksum: 55152642)
[2021.11.28-18.53.59:940][  0]LogPackageLocalizationCache: Processed 11 localized package path(s) for 2 prioritized culture(s) in 0.085799 seconds
[2021.11.28-18.53.59:946][  0]LogUObjectArray: 38425 objects as part of root set at end of initial load.
[2021.11.28-18.53.59:946][  0]LogUObjectAllocator: 6690872 out of 0 bytes used by permanent object pool.
[2021.11.28-18.53.59:946][  0]LogUObjectArray: CloseDisregardForGC: 0/0 objects in disregard for GC pool
[2021.11.28-18.54.00:809][  0]LogTcpMessaging: Initializing TcpMessaging bridge
[2021.11.28-18.54.00:847][  0]LogUdpMessaging: Initializing bridge on interface 0.0.0.0:0 to multicast group 230.0.0.1:6666.
[2021.11.28-18.54.00:990][  0]SourceControl: Source control is disabled
[2021.11.28-18.54.00:990][  0]SourceControl: Source control is disabled
[2021.11.28-18.54.00:991][  0]SourceControl: Source control is disabled
[2021.11.28-18.54.00:992][  0]SourceControl: Source control is disabled
[2021.11.28-18.54.01:163][  0]LogAndroidPermission: UAndroidPermissionCallbackProxy::GetInstance
[2021.11.28-18.54.01:333][  0]LogOcInput: OculusInput pre-init called
[2021.11.28-18.54.01:388][  0]LogEngine: Initializing Engine...
[2021.11.28-18.54.01:389][  0]LogHMD: Failed to initialize OpenVR with code 110
[2021.11.28-18.54.01:390][  0]LogStats: UGameplayTagsManager::ConstructGameplayTagTree: ImportINI prefixes -  0.000 s
[2021.11.28-18.54.01:390][  0]LogStats: UGameplayTagsManager::ConstructGameplayTagTree: Construct from data asset -  0.000 s
[2021.11.28-18.54.01:391][  0]LogStats: UGameplayTagsManager::ConstructGameplayTagTree: ImportINI -  0.000 s
[2021.11.28-18.54.01:391][  0]LogStats: UGameplayTagsManager::ConstructGameplayTagTree: GameplayTagTreeChangedEvent.Broadcast -  0.000 s
[2021.11.28-18.54.01:564][  0]LogInit: Initializing FReadOnlyCVARCache
[2021.11.28-18.54.01:577][  0]LogAIModule: Creating AISystem for world Untitled
[2021.11.28-18.54.01:656][  0]LogInit: XAudio2 using 'Headset Earphone (Jabra EVOLVE LINK MS)' : 2 channels at 48 kHz using 16 bits per sample (channel mask 0x3)
[2021.11.28-18.54.01:673][  0]LogInit: FAudioDevice initialized.
[2021.11.28-18.54.01:674][  0]LogNetVersion: Set ProjectVersion to 1.0.0.0. Version Checksum will be recalculated on next use.
[2021.11.28-18.54.01:753][  0]LogDerivedDataCache: Saved boot cache 0.08s 71MB C:/Users/Evan/AppData/Local/UnrealEngine/4.20/DerivedDataCache/Boot.ddc.
[2021.11.28-18.54.01:759][  0]LogInit: Texture streaming: Enabled
[2021.11.28-18.54.01:776][  0]LogEngineSessionManager: EngineSessionManager initialized
[2021.11.28-18.54.01:789][  0]LogInit: Transaction tracking system initialized
[2021.11.28-18.54.01:810][  0]BlueprintLog: New page: Editor Load
[2021.11.28-18.54.02:020][  0]LocalizationService: Localization service is disabled
[2021.11.28-18.54.02:082][  0]LogLinker: Warning: Can't find file '/Game/ThirdPersonBP/ThirdPersonOverview'
[2021.11.28-18.54.02:082][  0]LogLinker: Warning: Can't find file '/Game/ThirdPersonBP/ThirdPersonOverview'
[2021.11.28-18.54.02:082][  0]LogUObjectGlobals: Warning: Failed to find object 'Class /Game/ThirdPersonBP/ThirdPersonOverview.ThirdPersonOverview_C'
[2021.11.28-18.54.02:269][  0]LogCook: Display: Max memory allowance for cook 16384mb min free memory 0mb
[2021.11.28-18.54.02:269][  0]LogCook: Display: Mobile HDR setting 1
[2021.11.28-18.54.02:269][  0]LogGameplayTags: Display: UGameplayTagsManager::DoneAddingNativeTags. DelegateIsBound: 0
[2021.11.28-18.54.02:269][  0]LogStats: UGameplayTagsManager::ConstructGameplayTagTree: ImportINI prefixes -  0.000 s
[2021.11.28-18.54.02:269][  0]LogStats: UGameplayTagsManager::ConstructGameplayTagTree: Construct from data asset -  0.000 s
[2021.11.28-18.54.02:269][  0]LogStats: UGameplayTagsManager::ConstructGameplayTagTree: ImportINI -  0.000 s
[2021.11.28-18.54.02:269][  0]LogStats: UGameplayTagsManager::ConstructGameplayTagTree: GameplayTagTreeChangedEvent.Broadcast -  0.000 s
[2021.11.28-18.54.02:387][  0]LogFileCache: Scanning file cache for directory 'D:/Unreal/MyFirstProject/Content/' took 0.01s
[2021.11.28-18.54.02:387][  0]SourceControl: Source control is disabled
[2021.11.28-18.54.02:389][  0]LogFactory: FactoryCreateFile: PackFactory with PackFactory (0 0 C:/Program Files/Epic Games/UE_4.20/FeaturePacks/StarterContent.upack)
[2021.11.28-18.54.02:394][  0]LogPackFactory: Finished extracting 8 files (including 0 errors).
[2021.11.28-18.54.02:396][  0]LogPackFactory: Copied "../../../Samples/StarterContent/Content/StarterContent/Architecture/Floor_400x400.uasset" to "D:/Unreal/MyFirstProject/Content/StarterContent/Architecture/Floor_400x400.uasset"
[2021.11.28-18.54.02:397][  0]LogPackFactory: Copied "../../../Samples/StarterContent/Content/StarterContent/Architecture/Pillar_50x500.uasset" to "D:/Unreal/MyFirstProject/Content/StarterContent/Architecture/Pillar_50x500.uasset"
[2021.11.28-18.54.02:427][  0]LogPackFactory: Copied "../../../Samples/StarterContent/Content/StarterContent/Architecture/SM_AssetPlatform.uasset" to "D:/Unreal/MyFirstProject/Content/StarterContent/Architecture/SM_AssetPlatform.uasset"
[2021.11.28-18.54.02:438][  0]LogPackFactory: Copied "../../../Samples/StarterContent/Content/StarterContent/Architecture/Wall_400x200.uasset" to "D:/Unreal/MyFirstProject/Content/StarterContent/Architecture/Wall_400x200.uasset"
[2021.11.28-18.54.02:443][  0]LogPackFactory: Copied "../../../Samples/StarterContent/Content/StarterContent/Architecture/Wall_400x300.uasset" to "D:/Unreal/MyFirstProject/Content/StarterContent/Architecture/Wall_400x300.uasset"
[2021.11.28-18.54.02:445][  0]LogPackFactory: Copied "../../../Samples/StarterContent/Content/StarterContent/Architecture/Wall_400x400.uasset" to "D:/Unreal/MyFirstProject/Content/StarterContent/Architecture/Wall_400x400.uasset"
[2021.11.28-18.54.02:454][  0]LogPackFactory: Copied "../../../Samples/StarterContent/Content/StarterContent/Architecture/Wall_500x500.uasset" to "D:/Unreal/MyFirstProject/Content/StarterContent/Architecture/Wall_500x500.uasset"
[2021.11.28-18.54.02:455][  0]LogPackFactory: Copied "../../../Samples/StarterContent/Content/StarterContent/Architecture/Wall_Door_400x300.uasset" to "D:/Unreal/MyFirstProject/Content/StarterContent/Architecture/Wall_Door_400x300.uasset"
[2021.11.28-18.54.02:457][  0]LogPackFactory: Copied "../../../Samples/StarterContent/Content/StarterContent/Architecture/Wall_Door_400x400.uasset" to "D:/Unreal/MyFirstProject/Content/StarterContent/Architecture/Wall_Door_400x400.uasset"
[2021.11.28-18.54.02:461][  0]LogPackFactory: Copied "../../../Samples/StarterContent/Content/StarterContent/Architecture/Wall_Window_400x300.uasset" to "D:/Unreal/MyFirstProject/Content/StarterContent/Architecture/Wall_Window_400x300.uasset"
[2021.11.28-18.54.02:462][  0]LogPackFactory: Copied "../../../Samples/StarterContent/Content/StarterContent/Architecture/Wall_Window_400x400.uasset" to "D:/Unreal/MyFirstProject/Content/StarterContent/Architecture/Wall_Window_400x400.uasset"
[2021.11.28-18.54.02:469][  0]LogPackFactory: Copied "../../../Samples/StarterContent/Content/StarterContent/Audio/Collapse01.uasset" to "D:/Unreal/MyFirstProject/Content/StarterContent/Audio/Collapse01.uasset"
[2021.11.28-18.54.02:473][  0]LogPackFactory: Copied "../../../Samples/StarterContent/Content/StarterContent/Audio/Collapse02.uasset" to "D:/Unreal/MyFirstProject/Content/StarterContent/Audio/Collapse02.uasset"
[2021.11.28-18.54.02:474][  0]LogPackFactory: Copied "../../../Samples/StarterContent/Content/StarterContent/Audio/Collapse_Cue.uasset" to "D:/Unreal/MyFirstProject/Content/StarterContent/Audio/Collapse_Cue.uasset"
[2021.11.28-18.54.02:484][  0]LogPackFactory: Copied "../../../Samples/StarterContent/Content/StarterContent/Audio/Explosion01.uasset" to "D:/Unreal/MyFirstProject/Content/StarterContent/Audio/Explosion01.uasset"
[2021.11.28-18.54.02:485][  0]LogPackFactory: Copied "../../../Samples/StarterContent/Content/StarterContent/Audio/Explosion02.uasset" to "D:/Unreal/MyFirstProject/Content/StarterContent/Audio/Explosion02.uasset"
[2021.11.28-18.54.02:487][  0]LogPackFactory: Copied "../../../Samples/StarterContent/Content/StarterContent/Audio/Explosion_Cue.uasset" to "D:/Unreal/MyFirstProject/Content/StarterContent/Audio/Explosion_Cue.uasset"
[2021.11.28-18.54.02:490][  0]LogPackFactory: Copied "../../../Samples/StarterContent/Content/StarterContent/Audio/Fire01.uasset" to "D:/Unreal/MyFirstProject/Content/StarterContent/Audio/Fire01.uasset"
[2021.11.28-18.54.02:491][  0]LogPackFactory: Copied "../../../Samples/StarterContent/Content/StarterContent/Audio/Fire01_Cue.uasset" to "D:/Unreal/MyFirstProject/Content/StarterContent/Audio/Fire01_Cue.uasset"
[2021.11.28-18.54.02:497][  0]LogPackFactory: Copied "../../../Samples/StarterContent/Content/StarterContent/Audio/Fire_Sparks01.uasset" to "D:/Unreal/MyFirstProject/Content/StarterContent/Audio/Fire_Sparks01.uasset"
[2021.11.28-18.54.02:498][  0]LogPackFactory: Copied "../../../Samples/StarterContent/Content/StarterContent/Audio/Fire_Sparks01_Cue.uasset" to "D:/Unreal/MyFirstProject/Content/StarterContent/Audio/Fire_Sparks01_Cue.uasset"
[2021.11.28-18.54.02:505][  0]LogPackFactory: Copied "../../../Samples/StarterContent/Content/StarterContent/Audio/Light01.uasset" to "D:/Unreal/MyFirstProject/Content/StarterContent/Audio/Light01.uasset"
[2021.11.28-18.54.02:511][  0]LogPackFactory: Copied "../../../Samples/StarterContent/Content/StarterContent/Audio/Light01_Cue.uasset" to "D:/Unreal/MyFirstProject/Content/StarterContent/Audio/Light01_Cue.uasset"
[2021.11.28-18.54.02:513][  0]LogPackFactory: Copied "../../../Samples/StarterContent/Content/StarterContent/Audio/Light02.uasset" to "D:/Unreal/MyFirstProject/Content/StarterContent/Audio/Light02.uasset"
[2021.11.28-18.54.02:515][  0]LogPackFactory: Copied "../../../Samples/StarterContent/Content/StarterContent/Audio/Light02_Cue.uasset" to "D:/Unreal/MyFirstProject/Content/StarterContent/Audio/Light02_Cue.uasset"
[2021.11.28-18.54.02:526][  0]LogPackFactory: Copied "../../../Samples/StarterContent/Content/StarterContent/Audio/Smoke01.uasset" to "D:/Unreal/MyFirstProject/Content/StarterContent/Audio/Smoke01.uasset"
[2021.11.28-18.54.02:536][  0]LogPackFactory: Copied "../../../Samples/StarterContent/Content/StarterContent/Audio/Smoke01_Cue.uasset" to "D:/Unreal/MyFirstProject/Content/StarterContent/Audio/Smoke01_Cue.uasset"
[2021.11.28-18.54.02:537][  0]LogPackFactory: Copied "../../../Samples/StarterContent/Content/StarterContent/Audio/Starter_Background_Cue.uasset" to "D:/Unreal/MyFirstProject/Content/StarterContent/Audio/Starter_Background_Cue.uasset"
[2021.11.28-18.54.02:558][  0]LogPackFactory: Copied "../../../Samples/StarterContent/Content/StarterContent/Audio/Starter_Birds01.uasset" to "D:/Unreal/MyFirstProject/Content/StarterContent/Audio/Starter_Birds01.uasset"
[2021.11.28-18.54.02:597][  0]LogPackFactory: Copied "../../../Samples/StarterContent/Content/StarterContent/Audio/Starter_Music01.uasset" to "D:/Unreal/MyFirstProject/Content/StarterContent/Audio/Starter_Music01.uasset"
[2021.11.28-18.54.02:597][  0]LogPackFactory: Copied "../../../Samples/StarterContent/Content/StarterContent/Audio/Starter_Music_Cue.uasset" to "D:/Unreal/MyFirstProject/Content/StarterContent/Audio/Starter_Music_Cue.uasset"
[2021.11.28-18.54.02:615][  0]LogPackFactory: Copied "../../../Samples/StarterContent/Content/StarterContent/Audio/Starter_Wind05.uasset" to "D:/Unreal/MyFirstProject/Content/StarterContent/Audio/Starter_Wind05.uasset"
[2021.11.28-18.54.02:628][  0]LogPackFactory: Copied "../../../Samples/StarterContent/Content/StarterContent/Audio/Starter_Wind06.uasset" to "D:/Unreal/MyFirstProject/Content/StarterContent/Audio/Starter_Wind06.uasset"
[2021.11.28-18.54.02:633][  0]LogPackFactory: Copied "../../../Samples/StarterContent/Content/StarterContent/Audio/Steam01.uasset" to "D:/Unreal/MyFirstProject/Content/StarterContent/Audio/Steam01.uasset"
[2021.11.28-18.54.02:634][  0]LogPackFactory: Copied "../../../Samples/StarterContent/Content/StarterContent/Audio/Steam01_Cue.uasset" to "D:/Unreal/MyFirstProject/Content/StarterContent/Audio/Steam01_Cue.uasset"
[2021.11.28-18.54.02:636][  0]LogPackFactory: Copied "../../../Samples/StarterContent/Content/StarterContent/Blueprints/Blueprint_CeilingLight.uasset" to "D:/Unreal/MyFirstProject/Content/StarterContent/Blueprints/Blueprint_CeilingLight.uasset"
[2021.11.28-18.54.02:637][  0]LogPackFactory: Copied "../../../Samples/StarterContent/Content/StarterContent/Blueprints/Blueprint_Effect_Explosion.uasset" to "D:/Unreal/MyFirstProject/Content/StarterContent/Blueprints/Blueprint_Effect_Explosion.uasset"
[2021.11.28-18.54.02:637][  0]LogPackFactory: Copied "../../../Samples/StarterContent/Content/StarterContent/Blueprints/Blueprint_Effect_Fire.uasset" to "D:/Unreal/MyFirstProject/Content/StarterContent/Blueprints/Blueprint_Effect_Fire.uasset"
[2021.11.28-18.54.02:638][  0]LogPackFactory: Copied "../../../Samples/StarterContent/Content/StarterContent/Blueprints/Blueprint_Effect_Smoke.uasset" to "D:/Unreal/MyFirstProject/Content/StarterContent/Blueprints/Blueprint_Effect_Smoke.uasset"
[2021.11.28-18.54.02:647][  0]LogPackFactory: Copied "../../../Samples/StarterContent/Content/StarterContent/Blueprints/Blueprint_Effect_Sparks.uasset" to "D:/Unreal/MyFirstProject/Content/StarterContent/Blueprints/Blueprint_Effect_Sparks.uasset"
[2021.11.28-18.54.02:657][  0]LogPackFactory: Copied "../../../Samples/StarterContent/Content/StarterContent/Blueprints/Blueprint_Effect_Steam.uasset" to "D:/Unreal/MyFirstProject/Content/StarterContent/Blueprints/Blueprint_Effect_Steam.uasset"
[2021.11.28-18.54.02:658][  0]LogPackFactory: Copied "../../../Samples/StarterContent/Content/StarterContent/Blueprints/Blueprint_WallSconce.uasset" to "D:/Unreal/MyFirstProject/Content/StarterContent/Blueprints/Blueprint_WallSconce.uasset"
[2021.11.28-18.54.02:662][  0]LogPackFactory: Copied "../../../Samples/StarterContent/Content/StarterContent/Blueprints/BP_LightStudio.uasset" to "D:/Unreal/MyFirstProject/Content/StarterContent/Blueprints/BP_LightStudio.uasset"
[2021.11.28-18.54.02:663][  0]LogPackFactory: Copied "../../../Samples/StarterContent/Content/StarterContent/Blueprints/Assets/FogBrightnessLUT.uasset" to "D:/Unreal/MyFirstProject/Content/StarterContent/Blueprints/Assets/FogBrightnessLUT.uasset"
[2021.11.28-18.54.02:665][  0]LogPackFactory: Copied "../../../Samples/StarterContent/Content/StarterContent/Blueprints/Assets/M_LightStage_Arrows.uasset" to "D:/Unreal/MyFirstProject/Content/StarterContent/Blueprints/Assets/M_LightStage_Arrows.uasset"
[2021.11.28-18.54.02:673][  0]LogPackFactory: Copied "../../../Samples/StarterContent/Content/StarterContent/Blueprints/Assets/M_LightStage_Skybox_Black.uasset" to "D:/Unreal/MyFirstProject/Content/StarterContent/Blueprints/Assets/M_LightStage_Skybox_Black.uasset"
[2021.11.28-18.54.02:676][  0]LogPackFactory: Copied "../../../Samples/StarterContent/Content/StarterContent/Blueprints/Assets/M_LightStage_Skybox_HDRI.uasset" to "D:/Unreal/MyFirstProject/Content/StarterContent/Blueprints/Assets/M_LightStage_Skybox_HDRI.uasset"
[2021.11.28-18.54.02:678][  0]LogPackFactory: Copied "../../../Samples/StarterContent/Content/StarterContent/Blueprints/Assets/M_LightStage_Skybox_Master.uasset" to "D:/Unreal/MyFirstProject/Content/StarterContent/Blueprints/Assets/M_LightStage_Skybox_Master.uasset"
[2021.11.28-18.54.02:683][  0]LogPackFactory: Copied "../../../Samples/StarterContent/Content/StarterContent/Blueprints/Assets/Skybox.uasset" to "D:/Unreal/MyFirstProject/Content/StarterContent/Blueprints/Assets/Skybox.uasset"
[2021.11.28-18.54.02:686][  0]LogPackFactory: Copied "../../../Samples/StarterContent/Content/StarterContent/Blueprints/Assets/SM_Arrows.uasset" to "D:/Unreal/MyFirstProject/Content/StarterContent/Blueprints/Assets/SM_Arrows.uasset"
[2021.11.28-18.54.02:688][  0]LogPackFactory: Copied "../../../Samples/StarterContent/Content/StarterContent/Blueprints/Assets/SunlightColorLUT.uasset" to "D:/Unreal/MyFirstProject/Content/StarterContent/Blueprints/Assets/SunlightColorLUT.uasset"
[2021.11.28-18.54.02:973][  0]LogPackFactory: Copied "../../../Samples/StarterContent/Content/StarterContent/HDRI/HDRI_Epic_Courtyard_Daylight.uasset" to "D:/Unreal/MyFirstProject/Content/StarterContent/HDRI/HDRI_Epic_Courtyard_Daylight.uasset"
[2021.11.28-18.54.02:989][  0]LogPackFactory: Copied "../../../Samples/StarterContent/Content/StarterContent/Maps/Advanced_Lighting.umap" to "D:/Unreal/MyFirstProject/Content/StarterContent/Maps/Advanced_Lighting.umap"
[2021.11.28-18.54.03:007][  0]LogPackFactory: Copied "../../../Samples/StarterContent/Content/StarterContent/Maps/Advanced_Lighting_BuiltData.uasset" to "D:/Unreal/MyFirstProject/Content/StarterContent/Maps/Advanced_Lighting_BuiltData.uasset"
[2021.11.28-18.54.03:068][  0]LogPackFactory: Copied "../../../Samples/StarterContent/Content/StarterContent/Maps/Minimal_Default.umap" to "D:/Unreal/MyFirstProject/Content/StarterContent/Maps/Minimal_Default.umap"
[2021.11.28-18.54.03:179][  0]LogPackFactory: Copied "../../../Samples/StarterContent/Content/StarterContent/Maps/Minimal_Default_BuiltData.uasset" to "D:/Unreal/MyFirstProject/Content/StarterContent/Maps/Minimal_Default_BuiltData.uasset"
[2021.11.28-18.54.03:232][  0]LogPackFactory: Copied "../../../Samples/StarterContent/Content/StarterContent/Maps/StarterMap.umap" to "D:/Unreal/MyFirstProject/Content/StarterContent/Maps/StarterMap.umap"
[2021.11.28-18.54.03:538][  0]LogPackFactory: Copied "../../../Samples/StarterContent/Content/StarterContent/Maps/StarterMap_BuiltData.uasset" to "D:/Unreal/MyFirstProject/Content/StarterContent/Maps/StarterMap_BuiltData.uasset"
[2021.11.28-18.54.03:540][  0]LogPackFactory: Copied "../../../Samples/StarterContent/Content/StarterContent/Materials/M_AssetPlatform.uasset" to "D:/Unreal/MyFirstProject/Content/StarterContent/Materials/M_AssetPlatform.uasset"
[2021.11.28-18.54.03:541][  0]LogPackFactory: Copied "../../../Samples/StarterContent/Content/StarterContent/Materials/M_Basic_Floor.uasset" to "D:/Unreal/MyFirstProject/Content/StarterContent/Materials/M_Basic_Floor.uasset"
[2021.11.28-18.54.03:542][  0]LogPackFactory: Copied "../../../Samples/StarterContent/Content/StarterContent/Materials/M_Basic_Wall.uasset" to "D:/Unreal/MyFirstProject/Content/StarterContent/Materials/M_Basic_Wall.uasset"
[2021.11.28-18.54.03:603][  0]LogPackFactory: Copied "../../../Samples/StarterContent/Content/StarterContent/Materials/M_Brick_Clay_Beveled.uasset" to "D:/Unreal/MyFirstProject/Content/StarterContent/Materials/M_Brick_Clay_Beveled.uasset"
[2021.11.28-18.54.03:605][  0]LogPackFactory: Copied "../../../Samples/StarterContent/Content/StarterContent/Materials/M_Brick_Clay_New.uasset" to "D:/Unreal/MyFirstProject/Content/StarterContent/Materials/M_Brick_Clay_New.uasset"
[2021.11.28-18.54.03:707][  0]LogPackFactory: Copied "../../../Samples/StarterContent/Content/StarterContent/Materials/M_Brick_Clay_Old.uasset" to "D:/Unreal/MyFirstProject/Content/StarterContent/Materials/M_Brick_Clay_Old.uasset"
[2021.11.28-18.54.03:709][  0]LogPackFactory: Copied "../../../Samples/StarterContent/Content/StarterContent/Materials/M_Brick_Cut_Stone.uasset" to "D:/Unreal/MyFirstProject/Content/StarterContent/Materials/M_Brick_Cut_Stone.uasset"
[2021.11.28-18.54.03:711][  0]LogPackFactory: Copied "../../../Samples/StarterContent/Content/StarterContent/Materials/M_Brick_Hewn_Stone.uasset" to "D:/Unreal/MyFirstProject/Content/StarterContent/Materials/M_Brick_Hewn_Stone.uasset"
[2021.11.28-18.54.03:713][  0]LogPackFactory: Copied "../../../Samples/StarterContent/Content/StarterContent/Materials/M_Ceramic_Tile_Checker.uasset" to "D:/Unreal/MyFirstProject/Content/StarterContent/Materials/M_Ceramic_Tile_Checker.uasset"
[2021.11.28-18.54.03:717][  0]LogPackFactory: Copied "../../../Samples/StarterContent/Content/StarterContent/Materials/M_CobbleStone_Pebble.uasset" to "D:/Unreal/MyFirstProject/Content/StarterContent/Materials/M_CobbleStone_Pebble.uasset"
[2021.11.28-18.54.03:719][  0]LogPackFactory: Copied "../../../Samples/StarterContent/Content/StarterContent/Materials/M_CobbleStone_Rough.uasset" to "D:/Unreal/MyFirstProject/Content/StarterContent/Materials/M_CobbleStone_Rough.uasset"
[2021.11.28-18.54.03:721][  0]LogPackFactory: Copied "../../../Samples/StarterContent/Content/StarterContent/Materials/M_CobbleStone_Smooth.uasset" to "D:/Unreal/MyFirstProject/Content/StarterContent/Materials/M_CobbleStone_Smooth.uasset"
[2021.11.28-18.54.03:773][  0]LogPackFactory: Copied "../../../Samples/StarterContent/Content/StarterContent/Materials/M_ColorGrid_LowSpec.uasset" to "D:/Unreal/MyFirstProject/Content/StarterContent/Materials/M_ColorGrid_LowSpec.uasset"
[2021.11.28-18.54.03:775][  0]LogPackFactory: Copied "../../../Samples/StarterContent/Content/StarterContent/Materials/M_Concrete_Grime.uasset" to "D:/Unreal/MyFirstProject/Content/StarterContent/Materials/M_Concrete_Grime.uasset"
[2021.11.28-18.54.03:777][  0]LogPackFactory: Copied "../../../Samples/StarterContent/Content/StarterContent/Materials/M_Concrete_Panels.uasset" to "D:/Unreal/MyFirstProject/Content/StarterContent/Materials/M_Concrete_Panels.uasset"
[2021.11.28-18.54.03:779][  0]LogPackFactory: Copied "../../../Samples/StarterContent/Content/StarterContent/Materials/M_Concrete_Poured.uasset" to "D:/Unreal/MyFirstProject/Content/StarterContent/Materials/M_Concrete_Poured.uasset"
[2021.11.28-18.54.03:781][  0]LogPackFactory: Copied "../../../Samples/StarterContent/Content/StarterContent/Materials/M_Concrete_Tiles.uasset" to "D:/Unreal/MyFirstProject/Content/StarterContent/Materials/M_Concrete_Tiles.uasset"
[2021.11.28-18.54.03:782][  0]LogPackFactory: Copied "../../../Samples/StarterContent/Content/StarterContent/Materials/M_Glass.uasset" to "D:/Unreal/MyFirstProject/Content/StarterContent/Materials/M_Glass.uasset"
[2021.11.28-18.54.03:784][  0]LogPackFactory: Copied "../../../Samples/StarterContent/Content/StarterContent/Materials/M_Ground_Grass.uasset" to "D:/Unreal/MyFirstProject/Content/StarterContent/Materials/M_Ground_Grass.uasset"
[2021.11.28-18.54.03:786][  0]LogPackFactory: Copied "../../../Samples/StarterContent/Content/StarterContent/Materials/M_Ground_Gravel.uasset" to "D:/Unreal/MyFirstProject/Content/StarterContent/Materials/M_Ground_Gravel.uasset"
[2021.11.28-18.54.03:788][  0]LogPackFactory: Copied "../../../Samples/StarterContent/Content/StarterContent/Materials/M_Ground_Moss.uasset" to "D:/Unreal/MyFirstProject/Content/StarterContent/Materials/M_Ground_Moss.uasset"
[2021.11.28-18.54.03:790][  0]LogPackFactory: Copied "../../../Samples/StarterContent/Content/StarterContent/Materials/M_Metal_Brushed_Nickel.uasset" to "D:/Unreal/MyFirstProject/Content/StarterContent/Materials/M_Metal_Brushed_Nickel.uasset"
[2021.11.28-18.54.03:792][  0]LogPackFactory: Copied "../../../Samples/StarterContent/Content/StarterContent/Materials/M_Metal_Burnished_Steel.uasset" to "D:/Unreal/MyFirstProject/Content/StarterContent/Materials/M_Metal_Burnished_Steel.uasset"
[2021.11.28-18.54.03:793][  0]LogPackFactory: Copied "../../../Samples/StarterContent/Content/StarterContent/Materials/M_Metal_Chrome.uasset" to "D:/Unreal/MyFirstProject/Content/StarterContent/Materials/M_Metal_Chrome.uasset"
[2021.11.28-18.54.03:794][  0]LogPackFactory: Copied "../../../Samples/StarterContent/Content/StarterContent/Materials/M_Metal_Copper.uasset" to "D:/Unreal/MyFirstProject/Content/StarterContent/Materials/M_Metal_Copper.uasset"
[2021.11.28-18.54.03:803][  0]LogPackFactory: Copied "../../../Samples/StarterContent/Content/StarterContent/Materials/M_Metal_Gold.uasset" to "D:/Unreal/MyFirstProject/Content/StarterContent/Materials/M_Metal_Gold.uasset"
[2021.11.28-18.54.03:809][  0]LogPackFactory: Copied "../../../Samples/StarterContent/Content/StarterContent/Materials/M_Metal_Rust.uasset" to "D:/Unreal/MyFirstProject/Content/StarterContent/Materials/M_Metal_Rust.uasset"
[2021.11.28-18.54.03:811][  0]LogPackFactory: Copied "../../../Samples/StarterContent/Content/StarterContent/Materials/M_Metal_Steel.uasset" to "D:/Unreal/MyFirstProject/Content/StarterContent/Materials/M_Metal_Steel.uasset"
[2021.11.28-18.54.03:813][  0]LogPackFactory: Copied "../../../Samples/StarterContent/Content/StarterContent/Materials/M_Rock_Basalt.uasset" to "D:/Unreal/MyFirstProject/Content/StarterContent/Materials/M_Rock_Basalt.uasset"
[2021.11.28-18.54.03:815][  0]LogPackFactory: Copied "../../../Samples/StarterContent/Content/StarterContent/Materials/M_Rock_Marble_Polished.uasset" to "D:/Unreal/MyFirstProject/Content/StarterContent/Materials/M_Rock_Marble_Polished.uasset"
[2021.11.28-18.54.03:816][  0]LogPackFactory: Copied "../../../Samples/StarterContent/Content/StarterContent/Materials/M_Rock_Sandstone.uasset" to "D:/Unreal/MyFirstProject/Content/StarterContent/Materials/M_Rock_Sandstone.uasset"
[2021.11.28-18.54.03:818][  0]LogPackFactory: Copied "../../../Samples/StarterContent/Content/StarterContent/Materials/M_Rock_Slate.uasset" to "D:/Unreal/MyFirstProject/Content/StarterContent/Materials/M_Rock_Slate.uasset"
[2021.11.28-18.54.03:820][  0]LogPackFactory: Copied "../../../Samples/StarterContent/Content/StarterContent/Materials/M_Tech_Checker_Dot.uasset" to "D:/Unreal/MyFirstProject/Content/StarterContent/Materials/M_Tech_Checker_Dot.uasset"
[2021.11.28-18.54.03:821][  0]LogPackFactory: Copied "../../../Samples/StarterContent/Content/StarterContent/Materials/M_Tech_Hex_Tile.uasset" to "D:/Unreal/MyFirstProject/Content/StarterContent/Materials/M_Tech_Hex_Tile.uasset"
[2021.11.28-18.54.03:823][  0]LogPackFactory: Copied "../../../Samples/StarterContent/Content/StarterContent/Materials/M_Tech_Hex_Tile_Pulse.uasset" to "D:/Unreal/MyFirstProject/Content/StarterContent/Materials/M_Tech_Hex_Tile_Pulse.uasset"
[2021.11.28-18.54.03:831][  0]LogPackFactory: Copied "../../../Samples/StarterContent/Content/StarterContent/Materials/M_Tech_Panel.uasset" to "D:/Unreal/MyFirstProject/Content/StarterContent/Materials/M_Tech_Panel.uasset"
[2021.11.28-18.54.03:832][  0]LogPackFactory: Copied "../../../Samples/StarterContent/Content/StarterContent/Materials/M_Water_Lake.uasset" to "D:/Unreal/MyFirstProject/Content/StarterContent/Materials/M_Water_Lake.uasset"
[2021.11.28-18.54.03:834][  0]LogPackFactory: Copied "../../../Samples/StarterContent/Content/StarterContent/Materials/M_Water_Ocean.uasset" to "D:/Unreal/MyFirstProject/Content/StarterContent/Materials/M_Water_Ocean.uasset"
[2021.11.28-18.54.03:835][  0]LogPackFactory: Copied "../../../Samples/StarterContent/Content/StarterContent/Materials/M_Wood_Floor_Walnut_Polished.uasset" to "D:/Unreal/MyFirstProject/Content/StarterContent/Materials/M_Wood_Floor_Walnut_Polished.uasset"
[2021.11.28-18.54.03:837][  0]LogPackFactory: Copied "../../../Samples/StarterContent/Content/StarterContent/Materials/M_Wood_Floor_Walnut_Worn.uasset" to "D:/Unreal/MyFirstProject/Content/StarterContent/Materials/M_Wood_Floor_Walnut_Worn.uasset"
[2021.11.28-18.54.03:838][  0]LogPackFactory: Copied "../../../Samples/StarterContent/Content/StarterContent/Materials/M_Wood_Oak.uasset" to "D:/Unreal/MyFirstProject/Content/StarterContent/Materials/M_Wood_Oak.uasset"
[2021.11.28-18.54.03:839][  0]LogPackFactory: Copied "../../../Samples/StarterContent/Content/StarterContent/Materials/M_Wood_Pine.uasset" to "D:/Unreal/MyFirstProject/Content/StarterContent/Materials/M_Wood_Pine.uasset"
[2021.11.28-18.54.03:840][  0]LogPackFactory: Copied "../../../Samples/StarterContent/Content/StarterContent/Materials/M_Wood_Walnut.uasset" to "D:/Unreal/MyFirstProject/Content/StarterContent/Materials/M_Wood_Walnut.uasset"
[2021.11.28-18.54.03:849][  0]LogPackFactory: Copied "../../../Samples/StarterContent/Content/StarterContent/Particles/P_Ambient_Dust.uasset" to "D:/Unreal/MyFirstProject/Content/StarterContent/Particles/P_Ambient_Dust.uasset"
[2021.11.28-18.54.03:852][  0]LogPackFactory: Copied "../../../Samples/StarterContent/Content/StarterContent/Particles/P_Explosion.uasset" to "D:/Unreal/MyFirstProject/Content/StarterContent/Particles/P_Explosion.uasset"
[2021.11.28-18.54.03:864][  0]LogPackFactory: Copied "../../../Samples/StarterContent/Content/StarterContent/Particles/P_Fire.uasset" to "D:/Unreal/MyFirstProject/Content/StarterContent/Particles/P_Fire.uasset"
[2021.11.28-18.54.03:865][  0]LogPackFactory: Copied "../../../Samples/StarterContent/Content/StarterContent/Particles/P_Smoke.uasset" to "D:/Unreal/MyFirstProject/Content/StarterContent/Particles/P_Smoke.uasset"
[2021.11.28-18.54.03:867][  0]LogPackFactory: Copied "../../../Samples/StarterContent/Content/StarterContent/Particles/P_Sparks.uasset" to "D:/Unreal/MyFirstProject/Content/StarterContent/Particles/P_Sparks.uasset"
[2021.11.28-18.54.03:868][  0]LogPackFactory: Copied "../../../Samples/StarterContent/Content/StarterContent/Particles/P_Steam_Lit.uasset" to "D:/Unreal/MyFirstProject/Content/StarterContent/Particles/P_Steam_Lit.uasset"
[2021.11.28-18.54.03:870][  0]LogPackFactory: Copied "../../../Samples/StarterContent/Content/StarterContent/Particles/Materials/M_Burst.uasset" to "D:/Unreal/MyFirstProject/Content/StarterContent/Particles/Materials/M_Burst.uasset"
[2021.11.28-18.54.03:871][  0]LogPackFactory: Copied "../../../Samples/StarterContent/Content/StarterContent/Particles/Materials/M_Dust_Particle.uasset" to "D:/Unreal/MyFirstProject/Content/StarterContent/Particles/Materials/M_Dust_Particle.uasset"
[2021.11.28-18.54.03:872][  0]LogPackFactory: Copied "../../../Samples/StarterContent/Content/StarterContent/Particles/Materials/M_explosion_subUV.uasset" to "D:/Unreal/MyFirstProject/Content/StarterContent/Particles/Materials/M_explosion_subUV.uasset"
[2021.11.28-18.54.03:873][  0]LogPackFactory: Copied "../../../Samples/StarterContent/Content/StarterContent/Particles/Materials/M_Fire_SubUV.uasset" to "D:/Unreal/MyFirstProject/Content/StarterContent/Particles/Materials/M_Fire_SubUV.uasset"
[2021.11.28-18.54.03:874][  0]LogPackFactory: Copied "../../../Samples/StarterContent/Content/StarterContent/Particles/Materials/m_flare_01.uasset" to "D:/Unreal/MyFirstProject/Content/StarterContent/Particles/Materials/m_flare_01.uasset"
[2021.11.28-18.54.03:876][  0]LogPackFactory: Copied "../../../Samples/StarterContent/Content/StarterContent/Particles/Materials/M_Heat_Distortion.uasset" to "D:/Unreal/MyFirstProject/Content/StarterContent/Particles/Materials/M_Heat_Distortion.uasset"
[2021.11.28-18.54.03:877][  0]LogPackFactory: Copied "../../../Samples/StarterContent/Content/StarterContent/Particles/Materials/M_Radial_Gradient.uasset" to "D:/Unreal/MyFirstProject/Content/StarterContent/Particles/Materials/M_Radial_Gradient.uasset"
[2021.11.28-18.54.03:888][  0]LogPackFactory: Copied "../../../Samples/StarterContent/Content/StarterContent/Particles/Materials/M_radial_ramp.uasset" to "D:/Unreal/MyFirstProject/Content/StarterContent/Particles/Materials/M_radial_ramp.uasset"
[2021.11.28-18.54.03:890][  0]LogPackFactory: Copied "../../../Samples/StarterContent/Content/StarterContent/Particles/Materials/M_smoke_subUV.uasset" to "D:/Unreal/MyFirstProject/Content/StarterContent/Particles/Materials/M_smoke_subUV.uasset"
[2021.11.28-18.54.03:891][  0]LogPackFactory: Copied "../../../Samples/StarterContent/Content/StarterContent/Particles/Materials/M_Spark.uasset" to "D:/Unreal/MyFirstProject/Content/StarterContent/Particles/Materials/M_Spark.uasset"
[2021.11.28-18.54.03:893][  0]LogPackFactory: Copied "../../../Samples/StarterContent/Content/StarterContent/Props/MaterialSphere.uasset" to "D:/Unreal/MyFirstProject/Content/StarterContent/Props/MaterialSphere.uasset"
[2021.11.28-18.54.03:895][  0]LogPackFactory: Copied "../../../Samples/StarterContent/Content/StarterContent/Props/SM_Bush.uasset" to "D:/Unreal/MyFirstProject/Content/StarterContent/Props/SM_Bush.uasset"
[2021.11.28-18.54.03:897][  0]LogPackFactory: Copied "../../../Samples/StarterContent/Content/StarterContent/Props/SM_Chair.uasset" to "D:/Unreal/MyFirstProject/Content/StarterContent/Props/SM_Chair.uasset"
[2021.11.28-18.54.03:898][  0]LogPackFactory: Copied "../../../Samples/StarterContent/Content/StarterContent/Props/SM_CornerFrame.uasset" to "D:/Unreal/MyFirstProject/Content/StarterContent/Props/SM_CornerFrame.uasset"
[2021.11.28-18.54.03:900][  0]LogPackFactory: Copied "../../../Samples/StarterContent/Content/StarterContent/Props/SM_Couch.uasset" to "D:/Unreal/MyFirstProject/Content/StarterContent/Props/SM_Couch.uasset"
[2021.11.28-18.54.03:902][  0]LogPackFactory: Copied "../../../Samples/StarterContent/Content/StarterContent/Props/SM_Door.uasset" to "D:/Unreal/MyFirstProject/Content/StarterContent/Props/SM_Door.uasset"
[2021.11.28-18.54.03:903][  0]LogPackFactory: Copied "../../../Samples/StarterContent/Content/StarterContent/Props/SM_DoorFrame.uasset" to "D:/Unreal/MyFirstProject/Content/StarterContent/Props/SM_DoorFrame.uasset"
[2021.11.28-18.54.03:905][  0]LogPackFactory: Copied "../../../Samples/StarterContent/Content/StarterContent/Props/SM_GlassWindow.uasset" to "D:/Unreal/MyFirstProject/Content/StarterContent/Props/SM_GlassWindow.uasset"
[2021.11.28-18.54.03:912][  0]LogPackFactory: Copied "../../../Samples/StarterContent/Content/StarterContent/Props/SM_Lamp_Ceiling.uasset" to "D:/Unreal/MyFirstProject/Content/StarterContent/Props/SM_Lamp_Ceiling.uasset"
[2021.11.28-18.54.03:914][  0]LogPackFactory: Copied "../../../Samples/StarterContent/Content/StarterContent/Props/SM_Lamp_Wall.uasset" to "D:/Unreal/MyFirstProject/Content/StarterContent/Props/SM_Lamp_Wall.uasset"
[2021.11.28-18.54.03:923][  0]LogPackFactory: Copied "../../../Samples/StarterContent/Content/StarterContent/Props/SM_MatPreviewMesh_02.uasset" to "D:/Unreal/MyFirstProject/Content/StarterContent/Props/SM_MatPreviewMesh_02.uasset"
[2021.11.28-18.54.03:925][  0]LogPackFactory: Copied "../../../Samples/StarterContent/Content/StarterContent/Props/SM_PillarFrame.uasset" to "D:/Unreal/MyFirstProject/Content/StarterContent/Props/SM_PillarFrame.uasset"
[2021.11.28-18.54.03:926][  0]LogPackFactory: Copied "../../../Samples/StarterContent/Content/StarterContent/Props/SM_PillarFrame300.uasset" to "D:/Unreal/MyFirstProject/Content/StarterContent/Props/SM_PillarFrame300.uasset"
[2021.11.28-18.54.03:927][  0]LogPackFactory: Copied "../../../Samples/StarterContent/Content/StarterContent/Props/SM_Rock.uasset" to "D:/Unreal/MyFirstProject/Content/StarterContent/Props/SM_Rock.uasset"
[2021.11.28-18.54.03:928][  0]LogPackFactory: Copied "../../../Samples/StarterContent/Content/StarterContent/Props/SM_Shelf.uasset" to "D:/Unreal/MyFirstProject/Content/StarterContent/Props/SM_Shelf.uasset"
[2021.11.28-18.54.03:930][  0]LogPackFactory: Copied "../../../Samples/StarterContent/Content/StarterContent/Props/SM_Stairs.uasset" to "D:/Unreal/MyFirstProject/Content/StarterContent/Props/SM_Stairs.uasset"
[2021.11.28-18.54.03:933][  0]LogPackFactory: Copied "../../../Samples/StarterContent/Content/StarterContent/Props/SM_Statue.uasset" to "D:/Unreal/MyFirstProject/Content/StarterContent/Props/SM_Statue.uasset"
[2021.11.28-18.54.03:944][  0]LogPackFactory: Copied "../../../Samples/StarterContent/Content/StarterContent/Props/SM_TableRound.uasset" to "D:/Unreal/MyFirstProject/Content/StarterContent/Props/SM_TableRound.uasset"
[2021.11.28-18.54.03:945][  0]LogPackFactory: Copied "../../../Samples/StarterContent/Content/StarterContent/Props/SM_WindowFrame.uasset" to "D:/Unreal/MyFirstProject/Content/StarterContent/Props/SM_WindowFrame.uasset"
[2021.11.28-18.54.03:947][  0]LogPackFactory: Copied "../../../Samples/StarterContent/Content/StarterContent/Props/Materials/M_Bush.uasset" to "D:/Unreal/MyFirstProject/Content/StarterContent/Props/Materials/M_Bush.uasset"
[2021.11.28-18.54.03:948][  0]LogPackFactory: Copied "../../../Samples/StarterContent/Content/StarterContent/Props/Materials/M_Chair.uasset" to "D:/Unreal/MyFirstProject/Content/StarterContent/Props/Materials/M_Chair.uasset"
[2021.11.28-18.54.03:950][  0]LogPackFactory: Copied "../../../Samples/StarterContent/Content/StarterContent/Props/Materials/M_Door.uasset" to "D:/Unreal/MyFirstProject/Content/StarterContent/Props/Materials/M_Door.uasset"
[2021.11.28-18.54.03:951][  0]LogPackFactory: Copied "../../../Samples/StarterContent/Content/StarterContent/Props/Materials/M_Frame.uasset" to "D:/Unreal/MyFirstProject/Content/StarterContent/Props/Materials/M_Frame.uasset"
[2021.11.28-18.54.03:952][  0]LogPackFactory: Copied "../../../Samples/StarterContent/Content/StarterContent/Props/Materials/M_Lamp.uasset" to "D:/Unreal/MyFirstProject/Content/StarterContent/Props/Materials/M_Lamp.uasset"
[2021.11.28-18.54.03:954][  0]LogPackFactory: Copied "../../../Samples/StarterContent/Content/StarterContent/Props/Materials/M_MaterialSphere.uasset" to "D:/Unreal/MyFirstProject/Content/StarterContent/Props/Materials/M_MaterialSphere.uasset"
[2021.11.28-18.54.03:956][  0]LogPackFactory: Copied "../../../Samples/StarterContent/Content/StarterContent/Props/Materials/M_MaterialSphere_Plain.uasset" to "D:/Unreal/MyFirstProject/Content/StarterContent/Props/Materials/M_MaterialSphere_Plain.uasset"
[2021.11.28-18.54.03:957][  0]LogPackFactory: Copied "../../../Samples/StarterContent/Content/StarterContent/Props/Materials/M_Rock.uasset" to "D:/Unreal/MyFirstProject/Content/StarterContent/Props/Materials/M_Rock.uasset"
[2021.11.28-18.54.03:959][  0]LogPackFactory: Copied "../../../Samples/StarterContent/Content/StarterContent/Props/Materials/M_Shelf.uasset" to "D:/Unreal/MyFirstProject/Content/StarterContent/Props/Materials/M_Shelf.uasset"
[2021.11.28-18.54.03:960][  0]LogPackFactory: Copied "../../../Samples/StarterContent/Content/StarterContent/Props/Materials/M_Statue.uasset" to "D:/Unreal/MyFirstProject/Content/StarterContent/Props/Materials/M_Statue.uasset"
[2021.11.28-18.54.03:962][  0]LogPackFactory: Copied "../../../Samples/StarterContent/Content/StarterContent/Props/Materials/M_StatueGlass.uasset" to "D:/Unreal/MyFirstProject/Content/StarterContent/Props/Materials/M_StatueGlass.uasset"
[2021.11.28-18.54.03:963][  0]LogPackFactory: Copied "../../../Samples/StarterContent/Content/StarterContent/Props/Materials/M_TableRound.uasset" to "D:/Unreal/MyFirstProject/Content/StarterContent/Props/Materials/M_TableRound.uasset"
[2021.11.28-18.54.03:965][  0]LogPackFactory: Copied "../../../Samples/StarterContent/Content/StarterContent/Shapes/Shape_Cone.uasset" to "D:/Unreal/MyFirstProject/Content/StarterContent/Shapes/Shape_Cone.uasset"
[2021.11.28-18.54.03:966][  0]LogPackFactory: Copied "../../../Samples/StarterContent/Content/StarterContent/Shapes/Shape_Cube.uasset" to "D:/Unreal/MyFirstProject/Content/StarterContent/Shapes/Shape_Cube.uasset"
[2021.11.28-18.54.03:968][  0]LogPackFactory: Copied "../../../Samples/StarterContent/Content/StarterContent/Shapes/Shape_Cylinder.uasset" to "D:/Unreal/MyFirstProject/Content/StarterContent/Shapes/Shape_Cylinder.uasset"
[2021.11.28-18.54.03:970][  0]LogPackFactory: Copied "../../../Samples/StarterContent/Content/StarterContent/Shapes/Shape_NarrowCapsule.uasset" to "D:/Unreal/MyFirstProject/Content/StarterContent/Shapes/Shape_NarrowCapsule.uasset"
[2021.11.28-18.54.03:971][  0]LogPackFactory: Copied "../../../Samples/StarterContent/Content/StarterContent/Shapes/Shape_Pipe.uasset" to "D:/Unreal/MyFirstProject/Content/StarterContent/Shapes/Shape_Pipe.uasset"
[2021.11.28-18.54.03:973][  0]LogPackFactory: Copied "../../../Samples/StarterContent/Content/StarterContent/Shapes/Shape_Pipe_180.uasset" to "D:/Unreal/MyFirstProject/Content/StarterContent/Shapes/Shape_Pipe_180.uasset"
[2021.11.28-18.54.03:975][  0]LogPackFactory: Copied "../../../Samples/StarterContent/Content/StarterContent/Shapes/Shape_Pipe_90.uasset" to "D:/Unreal/MyFirstProject/Content/StarterContent/Shapes/Shape_Pipe_90.uasset"
[2021.11.28-18.54.03:976][  0]LogPackFactory: Copied "../../../Samples/StarterContent/Content/StarterContent/Shapes/Shape_Plane.uasset" to "D:/Unreal/MyFirstProject/Content/StarterContent/Shapes/Shape_Plane.uasset"
[2021.11.28-18.54.03:977][  0]LogPackFactory: Copied "../../../Samples/StarterContent/Content/StarterContent/Shapes/Shape_QuadPyramid.uasset" to "D:/Unreal/MyFirstProject/Content/StarterContent/Shapes/Shape_QuadPyramid.uasset"
[2021.11.28-18.54.03:981][  0]LogPackFactory: Copied "../../../Samples/StarterContent/Content/StarterContent/Shapes/Shape_Sphere.uasset" to "D:/Unreal/MyFirstProject/Content/StarterContent/Shapes/Shape_Sphere.uasset"
[2021.11.28-18.54.03:985][  0]LogPackFactory: Copied "../../../Samples/StarterContent/Content/StarterContent/Shapes/Shape_Torus.uasset" to "D:/Unreal/MyFirstProject/Content/StarterContent/Shapes/Shape_Torus.uasset"
[2021.11.28-18.54.04:029][  0]LogPackFactory: Copied "../../../Samples/StarterContent/Content/StarterContent/Shapes/Shape_Trim.uasset" to "D:/Unreal/MyFirstProject/Content/StarterContent/Shapes/Shape_Trim.uasset"
[2021.11.28-18.54.04:031][  0]LogPackFactory: Copied "../../../Samples/StarterContent/Content/StarterContent/Shapes/Shape_Trim_90_In.uasset" to "D:/Unreal/MyFirstProject/Content/StarterContent/Shapes/Shape_Trim_90_In.uasset"
[2021.11.28-18.54.04:032][  0]LogPackFactory: Copied "../../../Samples/StarterContent/Content/StarterContent/Shapes/Shape_Trim_90_Out.uasset" to "D:/Unreal/MyFirstProject/Content/StarterContent/Shapes/Shape_Trim_90_Out.uasset"
[2021.11.28-18.54.04:033][  0]LogPackFactory: Copied "../../../Samples/StarterContent/Content/StarterContent/Shapes/Shape_TriPyramid.uasset" to "D:/Unreal/MyFirstProject/Content/StarterContent/Shapes/Shape_TriPyramid.uasset"
[2021.11.28-18.54.04:035][  0]LogPackFactory: Copied "../../../Samples/StarterContent/Content/StarterContent/Shapes/Shape_Tube.uasset" to "D:/Unreal/MyFirstProject/Content/StarterContent/Shapes/Shape_Tube.uasset"
[2021.11.28-18.54.04:036][  0]LogPackFactory: Copied "../../../Samples/StarterContent/Content/StarterContent/Shapes/Shape_Wedge_A.uasset" to "D:/Unreal/MyFirstProject/Content/StarterContent/Shapes/Shape_Wedge_A.uasset"
[2021.11.28-18.54.04:037][  0]LogPackFactory: Copied "../../../Samples/StarterContent/Content/StarterContent/Shapes/Shape_Wedge_B.uasset" to "D:/Unreal/MyFirstProject/Content/StarterContent/Shapes/Shape_Wedge_B.uasset"
[2021.11.28-18.54.04:039][  0]LogPackFactory: Copied "../../../Samples/StarterContent/Content/StarterContent/Shapes/Shape_WideCapsule.uasset" to "D:/Unreal/MyFirstProject/Content/StarterContent/Shapes/Shape_WideCapsule.uasset"
[2021.11.28-18.54.04:116][  0]LogPackFactory: Copied "../../../Samples/StarterContent/Content/StarterContent/Textures/T_Brick_Clay_Beveled_D.uasset" to "D:/Unreal/MyFirstProject/Content/StarterContent/Textures/T_Brick_Clay_Beveled_D.uasset"
[2021.11.28-18.54.04:148][  0]LogPackFactory: Copied "../../../Samples/StarterContent/Content/StarterContent/Textures/T_Brick_Clay_Beveled_M.uasset" to "D:/Unreal/MyFirstProject/Content/StarterContent/Textures/T_Brick_Clay_Beveled_M.uasset"
[2021.11.28-18.54.04:220][  0]LogPackFactory: Copied "../../../Samples/StarterContent/Content/StarterContent/Textures/T_Brick_Clay_Beveled_N.uasset" to "D:/Unreal/MyFirstProject/Content/StarterContent/Textures/T_Brick_Clay_Beveled_N.uasset"
[2021.11.28-18.54.04:250][  0]LogPackFactory: Copied "../../../Samples/StarterContent/Content/StarterContent/Textures/T_Brick_Clay_New_D.uasset" to "D:/Unreal/MyFirstProject/Content/StarterContent/Textures/T_Brick_Clay_New_D.uasset"
[2021.11.28-18.54.04:283][  0]LogPackFactory: Copied "../../../Samples/StarterContent/Content/StarterContent/Textures/T_Brick_Clay_New_M.uasset" to "D:/Unreal/MyFirstProject/Content/StarterContent/Textures/T_Brick_Clay_New_M.uasset"
[2021.11.28-18.54.04:837][  0]LogPackFactory: Copied "../../../Samples/StarterContent/Content/StarterContent/Textures/T_Brick_Clay_New_N.uasset" to "D:/Unreal/MyFirstProject/Content/StarterContent/Textures/T_Brick_Clay_New_N.uasset"
[2021.11.28-18.54.04:885][  0]LogPackFactory: Copied "../../../Samples/StarterContent/Content/StarterContent/Textures/T_Brick_Clay_Old_D.uasset" to "D:/Unreal/MyFirstProject/Content/StarterContent/Textures/T_Brick_Clay_Old_D.uasset"
[2021.11.28-18.54.04:983][  0]LogPackFactory: Copied "../../../Samples/StarterContent/Content/StarterContent/Textures/T_Brick_Clay_Old_N.uasset" to "D:/Unreal/MyFirstProject/Content/StarterContent/Textures/T_Brick_Clay_Old_N.uasset"
[2021.11.28-18.54.05:043][  0]LogPackFactory: Copied "../../../Samples/StarterContent/Content/StarterContent/Textures/T_Brick_Cut_Stone_D.uasset" to "D:/Unreal/MyFirstProject/Content/StarterContent/Textures/T_Brick_Cut_Stone_D.uasset"
[2021.11.28-18.54.05:070][  0]LogPackFactory: Copied "../../../Samples/StarterContent/Content/StarterContent/Textures/T_Brick_Cut_Stone_N.uasset" to "D:/Unreal/MyFirstProject/Content/StarterContent/Textures/T_Brick_Cut_Stone_N.uasset"
[2021.11.28-18.54.05:107][  0]LogPackFactory: Copied "../../../Samples/StarterContent/Content/StarterContent/Textures/T_Brick_Hewn_Stone_D.uasset" to "D:/Unreal/MyFirstProject/Content/StarterContent/Textures/T_Brick_Hewn_Stone_D.uasset"
[2021.11.28-18.54.05:150][  0]LogPackFactory: Copied "../../../Samples/StarterContent/Content/StarterContent/Textures/T_Brick_Hewn_Stone_M.uasset" to "D:/Unreal/MyFirstProject/Content/StarterContent/Textures/T_Brick_Hewn_Stone_M.uasset"
[2021.11.28-18.54.05:190][  0]LogPackFactory: Copied "../../../Samples/StarterContent/Content/StarterContent/Textures/T_Brick_Hewn_Stone_N.uasset" to "D:/Unreal/MyFirstProject/Content/StarterContent/Textures/T_Brick_Hewn_Stone_N.uasset"
[2021.11.28-18.54.05:192][  0]LogPackFactory: Copied "../../../Samples/StarterContent/Content/StarterContent/Textures/T_Burst_M.uasset" to "D:/Unreal/MyFirstProject/Content/StarterContent/Textures/T_Burst_M.uasset"
[2021.11.28-18.54.05:195][  0]LogPackFactory: Copied "../../../Samples/StarterContent/Content/StarterContent/Textures/T_Bush_D.uasset" to "D:/Unreal/MyFirstProject/Content/StarterContent/Textures/T_Bush_D.uasset"
[2021.11.28-18.54.05:203][  0]LogPackFactory: Copied "../../../Samples/StarterContent/Content/StarterContent/Textures/T_Bush_N.uasset" to "D:/Unreal/MyFirstProject/Content/StarterContent/Textures/T_Bush_N.uasset"
[2021.11.28-18.54.05:206][  0]LogPackFactory: Copied "../../../Samples/StarterContent/Content/StarterContent/Textures/T_Ceramic_Tile_M.uasset" to "D:/Unreal/MyFirstProject/Content/StarterContent/Textures/T_Ceramic_Tile_M.uasset"
[2021.11.28-18.54.05:208][  0]LogPackFactory: Copied "../../../Samples/StarterContent/Content/StarterContent/Textures/T_Ceramic_Tile_N.uasset" to "D:/Unreal/MyFirstProject/Content/StarterContent/Textures/T_Ceramic_Tile_N.uasset"
[2021.11.28-18.54.05:218][  0]LogPackFactory: Copied "../../../Samples/StarterContent/Content/StarterContent/Textures/T_Chair_M.uasset" to "D:/Unreal/MyFirstProject/Content/StarterContent/Textures/T_Chair_M.uasset"
[2021.11.28-18.54.05:226][  0]LogPackFactory: Copied "../../../Samples/StarterContent/Content/StarterContent/Textures/T_Chair_N.uasset" to "D:/Unreal/MyFirstProject/Content/StarterContent/Textures/T_Chair_N.uasset"
[2021.11.28-18.54.05:228][  0]LogPackFactory: Copied "../../../Samples/StarterContent/Content/StarterContent/Textures/T_Checker_Noise_M.uasset" to "D:/Unreal/MyFirstProject/Content/StarterContent/Textures/T_Checker_Noise_M.uasset"
[2021.11.28-18.54.05:271][  0]LogPackFactory: Copied "../../../Samples/StarterContent/Content/StarterContent/Textures/T_CobbleStone_Pebble_D.uasset" to "D:/Unreal/MyFirstProject/Content/StarterContent/Textures/T_CobbleStone_Pebble_D.uasset"
[2021.11.28-18.54.05:278][  0]LogPackFactory: Copied "../../../Samples/StarterContent/Content/StarterContent/Textures/T_CobbleStone_Pebble_M.uasset" to "D:/Unreal/MyFirstProject/Content/StarterContent/Textures/T_CobbleStone_Pebble_M.uasset"
[2021.11.28-18.54.05:327][  0]LogPackFactory: Copied "../../../Samples/StarterContent/Content/StarterContent/Textures/T_CobbleStone_Pebble_N.uasset" to "D:/Unreal/MyFirstProject/Content/StarterContent/Textures/T_CobbleStone_Pebble_N.uasset"
[2021.11.28-18.54.05:340][  0]LogPackFactory: Copied "../../../Samples/StarterContent/Content/StarterContent/Textures/T_CobbleStone_Rough_D.uasset" to "D:/Unreal/MyFirstProject/Content/StarterContent/Textures/T_CobbleStone_Rough_D.uasset"
[2021.11.28-18.54.05:353][  0]LogPackFactory: Copied "../../../Samples/StarterContent/Content/StarterContent/Textures/T_CobbleStone_Rough_N.uasset" to "D:/Unreal/MyFirstProject/Content/StarterContent/Textures/T_CobbleStone_Rough_N.uasset"
[2021.11.28-18.54.05:379][  0]LogPackFactory: Copied "../../../Samples/StarterContent/Content/StarterContent/Textures/T_CobbleStone_Smooth_D.uasset" to "D:/Unreal/MyFirstProject/Content/StarterContent/Textures/T_CobbleStone_Smooth_D.uasset"
[2021.11.28-18.54.05:402][  0]LogPackFactory: Copied "../../../Samples/StarterContent/Content/StarterContent/Textures/T_CobbleStone_Smooth_M.uasset" to "D:/Unreal/MyFirstProject/Content/StarterContent/Textures/T_CobbleStone_Smooth_M.uasset"
[2021.11.28-18.54.05:437][  0]LogPackFactory: Copied "../../../Samples/StarterContent/Content/StarterContent/Textures/T_CobbleStone_Smooth_N.uasset" to "D:/Unreal/MyFirstProject/Content/StarterContent/Textures/T_CobbleStone_Smooth_N.uasset"
[2021.11.28-18.54.05:477][  0]LogPackFactory: Copied "../../../Samples/StarterContent/Content/StarterContent/Textures/T_Concrete_Grime_D.uasset" to "D:/Unreal/MyFirstProject/Content/StarterContent/Textures/T_Concrete_Grime_D.uasset"
[2021.11.28-18.54.05:537][  0]LogPackFactory: Copied "../../../Samples/StarterContent/Content/StarterContent/Textures/T_Concrete_Panels_D.uasset" to "D:/Unreal/MyFirstProject/Content/StarterContent/Textures/T_Concrete_Panels_D.uasset"
[2021.11.28-18.54.05:562][  0]LogPackFactory: Copied "../../../Samples/StarterContent/Content/StarterContent/Textures/T_Concrete_Panels_N.uasset" to "D:/Unreal/MyFirstProject/Content/StarterContent/Textures/T_Concrete_Panels_N.uasset"
[2021.11.28-18.54.05:603][  0]LogPackFactory: Copied "../../../Samples/StarterContent/Content/StarterContent/Textures/T_Concrete_Poured_D.uasset" to "D:/Unreal/MyFirstProject/Content/StarterContent/Textures/T_Concrete_Poured_D.uasset"
[2021.11.28-18.54.05:630][  0]LogPackFactory: Copied "../../../Samples/StarterContent/Content/StarterContent/Textures/T_Concrete_Poured_N.uasset" to "D:/Unreal/MyFirstProject/Content/StarterContent/Textures/T_Concrete_Poured_N.uasset"
[2021.11.28-18.54.05:656][  0]LogPackFactory: Copied "../../../Samples/StarterContent/Content/StarterContent/Textures/T_Concrete_Tiles_D.uasset" to "D:/Unreal/MyFirstProject/Content/StarterContent/Textures/T_Concrete_Tiles_D.uasset"
[2021.11.28-18.54.05:765][  0]LogPackFactory: Copied "../../../Samples/StarterContent/Content/StarterContent/Textures/T_Concrete_Tiles_M.uasset" to "D:/Unreal/MyFirstProject/Content/StarterContent/Textures/T_Concrete_Tiles_M.uasset"
[2021.11.28-18.54.06:428][  0]LogPackFactory: Copied "../../../Samples/StarterContent/Content/StarterContent/Textures/T_Concrete_Tiles_N.uasset" to "D:/Unreal/MyFirstProject/Content/StarterContent/Textures/T_Concrete_Tiles_N.uasset"
[2021.11.28-18.54.06:429][  0]LogPackFactory: Copied "../../../Samples/StarterContent/Content/StarterContent/Textures/T_Concrete_Tiles_Variation_M.uasset" to "D:/Unreal/MyFirstProject/Content/StarterContent/Textures/T_Concrete_Tiles_Variation_M.uasset"
[2021.11.28-18.54.06:449][  0]LogPackFactory: Copied "../../../Samples/StarterContent/Content/StarterContent/Textures/T_Detail_Rocky_N.uasset" to "D:/Unreal/MyFirstProject/Content/StarterContent/Textures/T_Detail_Rocky_N.uasset"
[2021.11.28-18.54.06:453][  0]LogPackFactory: Copied "../../../Samples/StarterContent/Content/StarterContent/Textures/T_Door_M.uasset" to "D:/Unreal/MyFirstProject/Content/StarterContent/Textures/T_Door_M.uasset"
[2021.11.28-18.54.06:460][  0]LogPackFactory: Copied "../../../Samples/StarterContent/Content/StarterContent/Textures/T_Door_N.uasset" to "D:/Unreal/MyFirstProject/Content/StarterContent/Textures/T_Door_N.uasset"
[2021.11.28-18.54.06:464][  0]LogPackFactory: Copied "../../../Samples/StarterContent/Content/StarterContent/Textures/T_Dust_Particle_D.uasset" to "D:/Unreal/MyFirstProject/Content/StarterContent/Textures/T_Dust_Particle_D.uasset"
[2021.11.28-18.54.06:482][  0]LogPackFactory: Copied "../../../Samples/StarterContent/Content/StarterContent/Textures/T_Explosion_SubUV.uasset" to "D:/Unreal/MyFirstProject/Content/StarterContent/Textures/T_Explosion_SubUV.uasset"
[2021.11.28-18.54.06:486][  0]LogPackFactory: Copied "../../../Samples/StarterContent/Content/StarterContent/Textures/T_Fire_SubUV.uasset" to "D:/Unreal/MyFirstProject/Content/StarterContent/Textures/T_Fire_SubUV.uasset"
[2021.11.28-18.54.06:490][  0]LogPackFactory: Copied "../../../Samples/StarterContent/Content/StarterContent/Textures/T_Fire_Tiled_D.uasset" to "D:/Unreal/MyFirstProject/Content/StarterContent/Textures/T_Fire_Tiled_D.uasset"
[2021.11.28-18.54.06:503][  0]LogPackFactory: Copied "../../../Samples/StarterContent/Content/StarterContent/Textures/T_Frame_M.uasset" to "D:/Unreal/MyFirstProject/Content/StarterContent/Textures/T_Frame_M.uasset"
[2021.11.28-18.54.06:510][  0]LogPackFactory: Copied "../../../Samples/StarterContent/Content/StarterContent/Textures/T_Frame_N.uasset" to "D:/Unreal/MyFirstProject/Content/StarterContent/Textures/T_Frame_N.uasset"
[2021.11.28-18.54.06:511][  0]LogPackFactory: Copied "../../../Samples/StarterContent/Content/StarterContent/Textures/T_Gradinet_01.uasset" to "D:/Unreal/MyFirstProject/Content/StarterContent/Textures/T_Gradinet_01.uasset"
[2021.11.28-18.54.06:634][  0]LogPackFactory: Copied "../../../Samples/StarterContent/Content/StarterContent/Textures/T_Ground_Grass_D.uasset" to "D:/Unreal/MyFirstProject/Content/StarterContent/Textures/T_Ground_Grass_D.uasset"
[2021.11.28-18.54.06:674][  0]LogPackFactory: Copied "../../../Samples/StarterContent/Content/StarterContent/Textures/T_Ground_Grass_N.uasset" to "D:/Unreal/MyFirstProject/Content/StarterContent/Textures/T_Ground_Grass_N.uasset"
[2021.11.28-18.54.06:767][  0]LogPackFactory: Copied "../../../Samples/StarterContent/Content/StarterContent/Textures/T_Ground_Gravel_D.uasset" to "D:/Unreal/MyFirstProject/Content/StarterContent/Textures/T_Ground_Gravel_D.uasset"
[2021.11.28-18.54.06:855][  0]LogPackFactory: Copied "../../../Samples/StarterContent/Content/StarterContent/Textures/T_Ground_Gravel_N.uasset" to "D:/Unreal/MyFirstProject/Content/StarterContent/Textures/T_Ground_Gravel_N.uasset"
[2021.11.28-18.54.06:903][  0]LogPackFactory: Copied "../../../Samples/StarterContent/Content/StarterContent/Textures/T_ground_Moss_D.uasset" to "D:/Unreal/MyFirstProject/Content/StarterContent/Textures/T_ground_Moss_D.uasset"
[2021.11.28-18.54.06:934][  0]LogPackFactory: Copied "../../../Samples/StarterContent/Content/StarterContent/Textures/T_Ground_Moss_N.uasset" to "D:/Unreal/MyFirstProject/Content/StarterContent/Textures/T_Ground_Moss_N.uasset"
[2021.11.28-18.54.06:940][  0]LogPackFactory: Copied "../../../Samples/StarterContent/Content/StarterContent/Textures/T_Lamp_M.uasset" to "D:/Unreal/MyFirstProject/Content/StarterContent/Textures/T_Lamp_M.uasset"
[2021.11.28-18.54.07:012][  0]LogPackFactory: Copied "../../../Samples/StarterContent/Content/StarterContent/Textures/T_Lamp_N.uasset" to "D:/Unreal/MyFirstProject/Content/StarterContent/Textures/T_Lamp_N.uasset"
[2021.11.28-18.54.07:503][  0]LogPackFactory: Copied "../../../Samples/StarterContent/Content/StarterContent/Textures/T_MacroVariation.uasset" to "D:/Unreal/MyFirstProject/Content/StarterContent/Textures/T_MacroVariation.uasset"
[2021.11.28-18.54.07:847][  0]LogPackFactory: Copied "../../../Samples/StarterContent/Content/StarterContent/Textures/T_Metal_Aluminum_D.uasset" to "D:/Unreal/MyFirstProject/Content/StarterContent/Textures/T_Metal_Aluminum_D.uasset"
[2021.11.28-18.54.08:186][  0]LogPackFactory: Copied "../../../Samples/StarterContent/Content/StarterContent/Textures/T_Metal_Copper_D.uasset" to "D:/Unreal/MyFirstProject/Content/StarterContent/Textures/T_Metal_Copper_D.uasset"
[2021.11.28-18.54.08:286][  0]LogPackFactory: Copied "../../../Samples/StarterContent/Content/StarterContent/Textures/T_Metal_Gold_D.uasset" to "D:/Unreal/MyFirstProject/Content/StarterContent/Textures/T_Metal_Gold_D.uasset"
[2021.11.28-18.54.08:357][  0]LogPackFactory: Copied "../../../Samples/StarterContent/Content/StarterContent/Textures/T_Metal_Gold_N.uasset" to "D:/Unreal/MyFirstProject/Content/StarterContent/Textures/T_Metal_Gold_N.uasset"
[2021.11.28-18.54.08:429][  0]LogPackFactory: Copied "../../../Samples/StarterContent/Content/StarterContent/Textures/T_Metal_Rust_D.uasset" to "D:/Unreal/MyFirstProject/Content/StarterContent/Textures/T_Metal_Rust_D.uasset"
[2021.11.28-18.54.09:205][  0]LogPackFactory: Copied "../../../Samples/StarterContent/Content/StarterContent/Textures/T_Metal_Rust_N.uasset" to "D:/Unreal/MyFirstProject/Content/StarterContent/Textures/T_Metal_Rust_N.uasset"
[2021.11.28-18.54.09:661][  0]LogPackFactory: Copied "../../../Samples/StarterContent/Content/StarterContent/Textures/T_Metal_Steel_D.uasset" to "D:/Unreal/MyFirstProject/Content/StarterContent/Textures/T_Metal_Steel_D.uasset"
[2021.11.28-18.54.09:726][  0]LogPackFactory: Copied "../../../Samples/StarterContent/Content/StarterContent/Textures/T_Metal_Steel_N.uasset" to "D:/Unreal/MyFirstProject/Content/StarterContent/Textures/T_Metal_Steel_N.uasset"
[2021.11.28-18.54.09:847][  0]LogPackFactory: Copied "../../../Samples/StarterContent/Content/StarterContent/Textures/T_Perlin_Noise_M.uasset" to "D:/Unreal/MyFirstProject/Content/StarterContent/Textures/T_Perlin_Noise_M.uasset"
[2021.11.28-18.54.11:315][  0]LogPackFactory: Copied "../../../Samples/StarterContent/Content/StarterContent/Textures/T_RockMesh_M.uasset" to "D:/Unreal/MyFirstProject/Content/StarterContent/Textures/T_RockMesh_M.uasset"
[2021.11.28-18.54.11:617][  0]LogPackFactory: Copied "../../../Samples/StarterContent/Content/StarterContent/Textures/T_RockMesh_N.uasset" to "D:/Unreal/MyFirstProject/Content/StarterContent/Textures/T_RockMesh_N.uasset"
[2021.11.28-18.54.12:229][  0]LogPackFactory: Copied "../../../Samples/StarterContent/Content/StarterContent/Textures/T_Rock_Basalt_D.uasset" to "D:/Unreal/MyFirstProject/Content/StarterContent/Textures/T_Rock_Basalt_D.uasset"
[2021.11.28-18.54.12:856][  0]LogPackFactory: Copied "../../../Samples/StarterContent/Content/StarterContent/Textures/T_Rock_Basalt_N.uasset" to "D:/Unreal/MyFirstProject/Content/StarterContent/Textures/T_Rock_Basalt_N.uasset"
[2021.11.28-18.54.12:901][  0]LogPackFactory: Copied "../../../Samples/StarterContent/Content/StarterContent/Textures/T_Rock_Marble_Polished_D.uasset" to "D:/Unreal/MyFirstProject/Content/StarterContent/Textures/T_Rock_Marble_Polished_D.uasset"
[2021.11.28-18.54.13:114][  0]LogPackFactory: Copied "../../../Samples/StarterContent/Content/StarterContent/Textures/T_Rock_Sandstone_D.uasset" to "D:/Unreal/MyFirstProject/Content/StarterContent/Textures/T_Rock_Sandstone_D.uasset"
[2021.11.28-18.54.13:243][  0]LogPackFactory: Copied "../../../Samples/StarterContent/Content/StarterContent/Textures/T_Rock_Sandstone_N.uasset" to "D:/Unreal/MyFirstProject/Content/StarterContent/Textures/T_Rock_Sandstone_N.uasset"
[2021.11.28-18.54.13:317][  0]LogPackFactory: Copied "../../../Samples/StarterContent/Content/StarterContent/Textures/T_Rock_Slate_D.uasset" to "D:/Unreal/MyFirstProject/Content/StarterContent/Textures/T_Rock_Slate_D.uasset"
[2021.11.28-18.54.13:526][  0]LogPackFactory: Copied "../../../Samples/StarterContent/Content/StarterContent/Textures/T_Rock_Slate_N.uasset" to "D:/Unreal/MyFirstProject/Content/StarterContent/Textures/T_Rock_Slate_N.uasset"
[2021.11.28-18.54.13:810][  0]LogPackFactory: Copied "../../../Samples/StarterContent/Content/StarterContent/Textures/T_Rock_Smooth_Granite_D.uasset" to "D:/Unreal/MyFirstProject/Content/StarterContent/Textures/T_Rock_Smooth_Granite_D.uasset"
[2021.11.28-18.54.14:003][  0]LogPackFactory: Copied "../../../Samples/StarterContent/Content/StarterContent/Textures/T_Shelf_M.uasset" to "D:/Unreal/MyFirstProject/Content/StarterContent/Textures/T_Shelf_M.uasset"
[2021.11.28-18.54.14:135][  0]LogPackFactory: Copied "../../../Samples/StarterContent/Content/StarterContent/Textures/T_Shelf_N.uasset" to "D:/Unreal/MyFirstProject/Content/StarterContent/Textures/T_Shelf_N.uasset"
[2021.11.28-18.54.14:136][  0]LogPackFactory: Copied "../../../Samples/StarterContent/Content/StarterContent/Textures/T_Single_Tile_N.uasset" to "D:/Unreal/MyFirstProject/Content/StarterContent/Textures/T_Single_Tile_N.uasset"
[2021.11.28-18.54.14:147][  0]LogPackFactory: Copied "../../../Samples/StarterContent/Content/StarterContent/Textures/T_Smoke_SubUV.uasset" to "D:/Unreal/MyFirstProject/Content/StarterContent/Textures/T_Smoke_SubUV.uasset"
[2021.11.28-18.54.14:149][  0]LogPackFactory: Copied "../../../Samples/StarterContent/Content/StarterContent/Textures/T_Smoke_Tiled_D.uasset" to "D:/Unreal/MyFirstProject/Content/StarterContent/Textures/T_Smoke_Tiled_D.uasset"
[2021.11.28-18.54.14:183][  0]LogPackFactory: Copied "../../../Samples/StarterContent/Content/StarterContent/Textures/T_Spark_Core.uasset" to "D:/Unreal/MyFirstProject/Content/StarterContent/Textures/T_Spark_Core.uasset"
[2021.11.28-18.54.14:368][  0]LogPackFactory: Copied "../../../Samples/StarterContent/Content/StarterContent/Textures/T_Statue_M.uasset" to "D:/Unreal/MyFirstProject/Content/StarterContent/Textures/T_Statue_M.uasset"
[2021.11.28-18.54.14:373][  0]LogPackFactory: Copied "../../../Samples/StarterContent/Content/StarterContent/Textures/T_Statue_N.uasset" to "D:/Unreal/MyFirstProject/Content/StarterContent/Textures/T_Statue_N.uasset"
[2021.11.28-18.54.14:715][  0]LogPackFactory: Copied "../../../Samples/StarterContent/Content/StarterContent/Textures/T_TableRound_M.uasset" to "D:/Unreal/MyFirstProject/Content/StarterContent/Textures/T_TableRound_M.uasset"
[2021.11.28-18.54.14:748][  0]LogPackFactory: Copied "../../../Samples/StarterContent/Content/StarterContent/Textures/T_TableRound_N.uasset" to "D:/Unreal/MyFirstProject/Content/StarterContent/Textures/T_TableRound_N.uasset"
[2021.11.28-18.54.14:749][  0]LogPackFactory: Copied "../../../Samples/StarterContent/Content/StarterContent/Textures/T_Tech_Dot_M.uasset" to "D:/Unreal/MyFirstProject/Content/StarterContent/Textures/T_Tech_Dot_M.uasset"
[2021.11.28-18.54.14:764][  0]LogPackFactory: Copied "../../../Samples/StarterContent/Content/StarterContent/Textures/T_Tech_Dot_N.uasset" to "D:/Unreal/MyFirstProject/Content/StarterContent/Textures/T_Tech_Dot_N.uasset"
[2021.11.28-18.54.14:957][  0]LogPackFactory: Copied "../../../Samples/StarterContent/Content/StarterContent/Textures/T_Tech_Hex_Tile_M.uasset" to "D:/Unreal/MyFirstProject/Content/StarterContent/Textures/T_Tech_Hex_Tile_M.uasset"
[2021.11.28-18.54.15:039][  0]LogPackFactory: Copied "../../../Samples/StarterContent/Content/StarterContent/Textures/T_Tech_Hex_Tile_N.uasset" to "D:/Unreal/MyFirstProject/Content/StarterContent/Textures/T_Tech_Hex_Tile_N.uasset"
[2021.11.28-18.54.15:044][  0]LogPackFactory: Copied "../../../Samples/StarterContent/Content/StarterContent/Textures/T_Tech_Panel_M.uasset" to "D:/Unreal/MyFirstProject/Content/StarterContent/Textures/T_Tech_Panel_M.uasset"
[2021.11.28-18.54.15:053][  0]LogPackFactory: Copied "../../../Samples/StarterContent/Content/StarterContent/Textures/T_Tech_Panel_N.uasset" to "D:/Unreal/MyFirstProject/Content/StarterContent/Textures/T_Tech_Panel_N.uasset"
[2021.11.28-18.54.15:191][  0]LogPackFactory: Copied "../../../Samples/StarterContent/Content/StarterContent/Textures/T_Water_M.uasset" to "D:/Unreal/MyFirstProject/Content/StarterContent/Textures/T_Water_M.uasset"
[2021.11.28-18.54.15:199][  0]LogPackFactory: Copied "../../../Samples/StarterContent/Content/StarterContent/Textures/T_Water_N.uasset" to "D:/Unreal/MyFirstProject/Content/StarterContent/Textures/T_Water_N.uasset"
[2021.11.28-18.54.15:216][  0]LogPackFactory: Copied "../../../Samples/StarterContent/Content/StarterContent/Textures/T_Wood_Floor_Walnut_D.uasset" to "D:/Unreal/MyFirstProject/Content/StarterContent/Textures/T_Wood_Floor_Walnut_D.uasset"
[2021.11.28-18.54.15:230][  0]LogPackFactory: Copied "../../../Samples/StarterContent/Content/StarterContent/Textures/T_Wood_Floor_Walnut_M.uasset" to "D:/Unreal/MyFirstProject/Content/StarterContent/Textures/T_Wood_Floor_Walnut_M.uasset"
[2021.11.28-18.54.15:243][  0]LogPackFactory: Copied "../../../Samples/StarterContent/Content/StarterContent/Textures/T_Wood_Floor_Walnut_N.uasset" to "D:/Unreal/MyFirstProject/Content/StarterContent/Textures/T_Wood_Floor_Walnut_N.uasset"
[2021.11.28-18.54.15:267][  0]LogPackFactory: Copied "../../../Samples/StarterContent/Content/StarterContent/Textures/T_Wood_Oak_D.uasset" to "D:/Unreal/MyFirstProject/Content/StarterContent/Textures/T_Wood_Oak_D.uasset"
[2021.11.28-18.54.15:293][  0]LogPackFactory: Copied "../../../Samples/StarterContent/Content/StarterContent/Textures/T_Wood_Oak_N.uasset" to "D:/Unreal/MyFirstProject/Content/StarterContent/Textures/T_Wood_Oak_N.uasset"
[2021.11.28-18.54.15:419][  0]LogPackFactory: Copied "../../../Samples/StarterContent/Content/StarterContent/Textures/T_Wood_Pine_D.uasset" to "D:/Unreal/MyFirstProject/Content/StarterContent/Textures/T_Wood_Pine_D.uasset"
[2021.11.28-18.54.15:434][  0]LogPackFactory: Copied "../../../Samples/StarterContent/Content/StarterContent/Textures/T_Wood_Pine_N.uasset" to "D:/Unreal/MyFirstProject/Content/StarterContent/Textures/T_Wood_Pine_N.uasset"
[2021.11.28-18.54.15:459][  0]LogPackFactory: Copied "../../../Samples/StarterContent/Content/StarterContent/Textures/T_Wood_Walnut_D.uasset" to "D:/Unreal/MyFirstProject/Content/StarterContent/Textures/T_Wood_Walnut_D.uasset"
[2021.11.28-18.54.15:476][  0]LogPackFactory: Copied "../../../Samples/StarterContent/Content/StarterContent/Textures/T_Wood_Walnut_N.uasset" to "D:/Unreal/MyFirstProject/Content/StarterContent/Textures/T_Wood_Walnut_N.uasset"
[2021.11.28-18.54.15:529][  0]LogRenderer: Reallocating scene render targets to support 256x256 Format 10 NumSamples 1 (Frame:1).
[2021.11.28-18.54.15:623][  0]Cmd: OBJ SAVEPACKAGE PACKAGE="/Game/StarterContent/Architecture/Floor_400x400" FILE="D:/Unreal/MyFirstProject/Content/StarterContent/Architecture/Floor_400x400.uasset" SILENT=true
[2021.11.28-18.54.15:643][  0]LogSavePackage: Moving 'D:/Unreal/MyFirstProject/Saved/Floor_400x40052DDB4E44D19D6BA42D5A2BA7937B8E3.tmp' to 'D:/Unreal/MyFirstProject/Content/StarterContent/Architecture/Floor_400x400.uasset'
[2021.11.28-18.54.15:646][  0]LogFeaturePack: Warning: Inserted 1 feature packs
[2021.11.28-18.54.15:647][  0]Cmd: MAP LOAD FILE="D:/Unreal/MyFirstProject/Content/FirstPersonBP/Maps/FirstPersonExampleMap.umap" TEMPLATE=0 SHOWPROGRESS=1 FEATURELEVEL=3
[2021.11.28-18.54.15:647][  0]LightingResults: New page: Lighting Build
[2021.11.28-18.54.15:650][  0]MapCheck: New page: Map Check
[2021.11.28-18.54.15:650][  0]LightingResults: New page: Lighting Build
[2021.11.28-18.54.16:217][  0]LogTexture: Display: Building textures: HQ_Lightmap0_5 (AutoDXT, 64X64)
[2021.11.28-18.54.16:217][  0]LogTexture: Display: Building textures: LQ_Lightmap_0_5 (DXT1, 64X64)
[2021.11.28-18.54.16:217][  0]LogTexture: Display: Building textures: SkyOcclusion0_5 (AutoDXT, 64X32)
[2021.11.28-18.54.16:217][  0]LogTexture: Display: Building textures: ShadowMapTexture2D_1 (G8, 2048X1024)
[2021.11.28-18.54.16:217][  0]LogTexture: Display: Building textures: ShadowMapTexture2D_0 (G8, 2048X1024)
[2021.11.28-18.54.16:217][  0]LogTexture: Display: Building textures: SkyOcclusion0_2 (AutoDXT, 2048X1024)
[2021.11.28-18.54.16:217][  0]LogTexture: Display: Building textures: SkyOcclusion0_4 (AutoDXT, 2048X1024)
[2021.11.28-18.54.16:217][  0]LogTexture: Display: Building textures: SkyOcclusion0_1 (AutoDXT, 2048X1024)
[2021.11.28-18.54.16:217][  0]LogTexture: Display: Building textures: SkyOcclusion0_3 (AutoDXT, 2048X1024)
[2021.11.28-18.54.16:217][  0]LogTexture: Display: Building textures: LQ_Lightmap_0_1 (DXT1, 2048X2048)
[2021.11.28-18.54.16:217][  0]LogTexture: Display: Building textures: LQ_Lightmap_0_2 (DXT1, 2048X2048)
[2021.11.28-18.54.16:217][  0]LogTexture: Display: Building textures: LQ_Lightmap_0_4 (DXT1, 2048X2048)
[2021.11.28-18.54.16:217][  0]LogTexture: Display: Building textures: HQ_Lightmap0_2 (AutoDXT, 2048X2048)
[2021.11.28-18.54.16:217][  0]LogTexture: Display: Building textures: HQ_Lightmap0_1 (AutoDXT, 2048X2048)
[2021.11.28-18.54.16:217][  0]LogTexture: Display: Building textures: HQ_Lightmap0_4 (AutoDXT, 2048X2048)
[2021.11.28-18.54.16:218][  0]LogTexture: Display: Building textures: LQ_Lightmap_0_3 (DXT1, 2048X2048)
[2021.11.28-18.54.16:218][  0]LogTexture: Display: Building textures: HQ_Lightmap0_3 (AutoDXT, 2048X2048)
[2021.11.28-18.54.16:218][  0]LogTexture: Display: Building textures: ShadowMapTexture2D_3 (G8, 2048X1024)
[2021.11.28-18.54.16:218][  0]LogTexture: Display: Building textures: ShadowMapTexture2D_2 (G8, 2048X1024)
[2021.11.28-18.54.16:930][  0]LogTexture: Display: Building textures: ShadowMapTexture2D_4 (G8, 2048X1024)
[2021.11.28-18.54.16:930][  0]LogTexture: Display: Building textures: ShadowMapTexture2D_5 (G8, 2048X1024)
[2021.11.28-18.54.16:931][  0]LogTexture: Display: Building textures: ShadowMapTexture2D_6 (G8, 2048X1024)
[2021.11.28-18.54.16:931][  0]LogTexture: Display: Building textures: ShadowMapTexture2D_7 (G8, 64X32)
[2021.11.28-18.54.17:054][  0]LogAIModule: Creating AISystem for world FirstPersonExampleMap
[2021.11.28-18.54.17:079][  0]LogEditorServer: Finished looking for orphan Actors (0.000 secs)
[2021.11.28-18.54.17:110][  0]Cmd: MAP CHECKDEP NOCLEARLOG
[2021.11.28-18.54.17:230][  0]MapCheck: Map check complete: 0 Error(s), 0 Warning(s), took 120.189ms to complete.
[2021.11.28-18.54.17:230][  0]LogFileHelpers: Loading map 'FirstPersonExampleMap' took 1.584
[2021.11.28-18.54.17:330][  0]LogSlate: Updating window title bar state: overlay mode, drag disabled, window buttons hidden, title bar hidden
[2021.11.28-18.54.17:336][  0]LogSlate: Updating window title bar state: overlay mode, drag disabled, window buttons hidden, title bar hidden
[2021.11.28-18.54.17:343][  0]LogSlate: Updating window title bar state: overlay mode, drag disabled, window buttons hidden, title bar hidden
[2021.11.28-18.54.17:349][  0]LogSlate: Updating window title bar state: overlay mode, drag disabled, window buttons hidden, title bar hidden
[2021.11.28-18.54.17:359][  0]LogCollectionManager: Loaded 0 collections in 0.001605 seconds
[2021.11.28-18.54.17:435][  0]LogFileCache: Scanning file cache for directory 'D:/Unreal/MyFirstProject/Saved/Collections/' took 0.01s
[2021.11.28-18.54.17:435][  0]LogFileCache: Scanning file cache for directory 'D:/Unreal/MyFirstProject/Content/Developers/Evan/Collections/' took 0.01s
[2021.11.28-18.54.17:435][  0]LogFileCache: Scanning file cache for directory 'D:/Unreal/MyFirstProject/Content/Collections/' took 0.01s
[2021.11.28-18.54.17:435][  0]LogCollectionManager: Rebuilt the GUID cache for 0 collections in 0.000000 seconds
[2021.11.28-18.54.17:446][  0]LogContentBrowser: Native class hierarchy populated in 0.0096 seconds. Added 2572 classes and 603 folders.
[2021.11.28-18.54.17:457][  0]LogContentBrowser: Native class hierarchy updated for 'WidgetCarousel' in 0.0003 seconds. Added 0 classes and 0 folders.
[2021.11.28-18.54.17:514][  0]LogContentBrowser: Native class hierarchy updated for 'AddContentDialog' in 0.0003 seconds. Added 0 classes and 0 folders.
[2021.11.28-18.54.17:537][  0]LogContentBrowser: Native class hierarchy updated for 'SceneOutliner' in 0.0004 seconds. Added 1 classes and 2 folders.
[2021.11.28-18.54.17:667][  0]LogSlate: Took 0.000240 seconds to synchronously load lazily loaded font '../../../Engine/Content/Slate/Fonts/Roboto-Regular.ttf' (155K)
[2021.11.28-18.54.17:669][  0]LogSlate: Took 0.000200 seconds to synchronously load lazily loaded font '../../../Engine/Content/Slate/Fonts/Roboto-Bold.ttf' (160K)
[2021.11.28-18.54.17:675][  0]LogSlate: Took 0.001180 seconds to synchronously load lazily loaded font '../../../Engine/Content/Editor/Slate/Fonts/FontAwesome.ttf' (139K)
[2021.11.28-18.54.17:728][  0]LogRenderer: Reallocating scene render targets to support 1000x576 Format 10 NumSamples 1 (Frame:1).
[2021.11.28-18.54.17:780][  0]LogSlate: Took 0.000270 seconds to synchronously load lazily loaded font '../../../Engine/Content/Slate/Fonts/Roboto-Light.ttf' (167K)
[2021.11.28-18.54.17:866][  0]LogContentBrowser: Native class hierarchy updated for 'HierarchicalLODOutliner' in 0.0003 seconds. Added 0 classes and 0 folders.
[2021.11.28-18.54.17:866][  0]LogLoad: (Engine Initialization) Total time: 25.26 seconds
[2021.11.28-18.54.17:866][  0]LogLoad: (Engine Initialization) Total Blueprint compile time: 0.00 seconds
[2021.11.28-18.54.17:912][  0]LogContentStreaming: Texture pool size now 1000 MB
[2021.11.28-18.54.18:002][  1]LogAssetRegistry: Asset discovery search completed in 19.1379 seconds
[2021.11.28-18.54.18:003][  1]LogCollectionManager: Rebuilt the object cache for 0 collections in 0.000000 seconds (found 0 objects)
[2021.11.28-18.54.18:003][  1]LogCollectionManager: Fixed up redirectors for 0 collections in 0.000033 seconds (updated 0 objects)
[2021.11.28-18.54.30:772][ 39]LogInit: XAudio2 using 'Focusrite USB (Focusrite USB Audio)' : 2 channels at 48 kHz using 24 bits per sample (channel mask 0x3)
[2021.11.28-18.54.31:340][ 41]LogSlate: FSceneViewport::OnFocusLost() reason 0
[2021.11.28-18.54.32:408][169]LogTemp: Repeating last play command: Selected Viewport
[2021.11.28-18.54.32:414][169]LogBlueprintUserMessages: Early PlayInEditor Detection: Level '/Game/FirstPersonBP/Maps/FirstPersonExampleMap.FirstPersonExampleMap:PersistentLevel' has LevelScriptBlueprint '/Game/FirstPersonBP/Maps/FirstPersonExampleMap.FirstPersonExampleMap:PersistentLevel.FirstPersonExampleMap' with GeneratedClass '/Game/FirstPersonBP/Maps/FirstPersonExampleMap.FirstPersonExampleMap_C' with ClassGeneratedBy '/Game/FirstPersonBP/Maps/FirstPersonExampleMap.FirstPersonExampleMap:PersistentLevel.FirstPersonExampleMap'
[2021.11.28-18.54.32:414][169]LogPlayLevel: PlayLevel: No blueprints needed recompiling
[2021.11.28-18.54.32:430][169]PIE: New page: PIE session: FirstPersonExampleMap (28 Nov 2021 18:54:32)
[2021.11.28-18.54.32:430][169]LogPlayLevel: Creating play world package: /Game/FirstPersonBP/Maps/UEDPIE_0_FirstPersonExampleMap
[2021.11.28-18.54.32:447][169]LogPlayLevel: PIE: StaticDuplicateObject took: (0.017239s)
[2021.11.28-18.54.32:448][169]LogAIModule: Creating AISystem for world FirstPersonExampleMap
[2021.11.28-18.54.32:448][169]LogPlayLevel: PIE: World Init took: (0.000924s)
[2021.11.28-18.54.32:448][169]LogPlayLevel: PIE: Created PIE world by copying editor world from /Game/FirstPersonBP/Maps/FirstPersonExampleMap.FirstPersonExampleMap to /Game/FirstPersonBP/Maps/UEDPIE_0_FirstPersonExampleMap.FirstPersonExampleMap (0.018327s)
[2021.11.28-18.54.32:546][169]LogInit: XAudio2 using 'Focusrite USB (Focusrite USB Audio)' : 2 channels at 48 kHz using 24 bits per sample (channel mask 0x3)
[2021.11.28-18.54.32:552][169]LogInit: FAudioDevice initialized.
[2021.11.28-18.54.32:595][169]LogLoad: Game class is 'FirstPersonGameMode_C'
[2021.11.28-18.54.32:598][169]LogWorld: Bringing World /Game/FirstPersonBP/Maps/UEDPIE_0_FirstPersonExampleMap.FirstPersonExampleMap up for play (max tick rate 0) at 2021.11.28-18.54.32
[2021.11.28-18.54.32:600][169]LogWorld: Bringing up level for play took: 0.003572
[2021.11.28-18.54.32:624][169]LogContentBrowser: Native class hierarchy updated for 'MovieSceneCapture' in 0.0003 seconds. Added 10 classes and 0 folders.
[2021.11.28-18.54.32:626][169]PIE: Play in editor start time for /Game/FirstPersonBP/Maps/UEDPIE_0_FirstPersonExampleMap 0.482
[2021.11.28-18.54.32:626][169]LogBlueprintUserMessages: Late PlayInEditor Detection: Level '/Game/FirstPersonBP/Maps/FirstPersonExampleMap.FirstPersonExampleMap:PersistentLevel' has LevelScriptBlueprint '/Game/FirstPersonBP/Maps/FirstPersonExampleMap.FirstPersonExampleMap:PersistentLevel.FirstPersonExampleMap' with GeneratedClass '/Game/FirstPersonBP/Maps/FirstPersonExampleMap.FirstPersonExampleMap_C' with ClassGeneratedBy '/Game/FirstPersonBP/Maps/FirstPersonExampleMap.FirstPersonExampleMap:PersistentLevel.FirstPersonExampleMap'
[2021.11.28-18.54.56:366][ 13]LogBlueprintUserMessages: Early EndPlayMap Detection: Level '/Game/FirstPersonBP/Maps/FirstPersonExampleMap.FirstPersonExampleMap:PersistentLevel' has LevelScriptBlueprint '/Game/FirstPersonBP/Maps/FirstPersonExampleMap.FirstPersonExampleMap:PersistentLevel.FirstPersonExampleMap' with GeneratedClass '/Game/FirstPersonBP/Maps/FirstPersonExampleMap.FirstPersonExampleMap_C' with ClassGeneratedBy '/Game/FirstPersonBP/Maps/FirstPersonExampleMap.FirstPersonExampleMap:PersistentLevel.FirstPersonExampleMap'
[2021.11.28-18.54.56:366][ 13]LogSlate: Updating window title bar state: overlay mode, drag disabled, window buttons hidden, title bar hidden
[2021.11.28-18.54.56:396][ 13]LogPlayLevel: Display: Shutting down PIE online subsystems
[2021.11.28-18.54.56:396][ 13]LogBlueprintUserMessages: Late EndPlayMap Detection: Level '/Game/FirstPersonBP/Maps/FirstPersonExampleMap.FirstPersonExampleMap:PersistentLevel' has LevelScriptBlueprint '/Game/FirstPersonBP/Maps/FirstPersonExampleMap.FirstPersonExampleMap:PersistentLevel.FirstPersonExampleMap' with GeneratedClass '/Game/FirstPersonBP/Maps/FirstPersonExampleMap.FirstPersonExampleMap_C' with ClassGeneratedBy '/Game/FirstPersonBP/Maps/FirstPersonExampleMap.FirstPersonExampleMap:PersistentLevel.FirstPersonExampleMap'
[2021.11.28-18.54.56:424][ 13]LogSlate: Updating window title bar state: overlay mode, drag disabled, window buttons hidden, title bar hidden
[2021.11.28-18.54.56:469][ 16]LogPlayLevel: Display: Destroying online subsystem :Context_2
[2021.11.28-18.55.04:981][ 29]LogEditorViewport: Clicking on Actor (context menu): StaticMeshActor (BigWall2)
[2021.11.28-18.55.05:036][ 29]LogSlate: FSceneViewport::OnFocusLost() reason 2
[2021.11.28-18.55.05:876][127]LogEditorViewport: Clicking on Actor (LMB): StaticMeshActor (BigWall2)
[2021.11.28-18.59.44:574][623]LogSlate: FSceneViewport::OnFocusLost() reason 2
[2021.11.28-18.59.48:720][104]LogEditorViewport: Clicking on Actor (LMB): StaticMeshActor (Wall2)
